#
# There is insufficient memory for the Java Runtime Environment to continue.
# Native memory allocation (malloc) failed to allocate 32744 bytes for ChunkPool::allocate
# Possible reasons:
#   The system is out of physical RAM or swap space
#   The process is running with CompressedOops enabled, and the Java Heap may be blocking the growth of the native heap
# Possible solutions:
#   Reduce memory load on the system
#   Increase physical memory or swap space
#   Check if swap backing store is full
#   Decrease Java heap size (-Xmx/-Xms)
#   Decrease number of Java threads
#   Decrease Java thread stack sizes (-Xss)
#   Set larger code cache with -XX:ReservedCodeCacheSize=
#   JVM is running with Unscaled Compressed Oops mode in which the Java heap is
#     placed in the first 4GB address space. The Java Heap base address is the
#     maximum limit for the native heap growth. Please use -XX:HeapBaseMinAddress
#     to set the Java Heap base and to place the Java Heap above 4GB virtual address.
# This output file may be truncated or incomplete.
#
#  Out of Memory Error (allocation.cpp:272), pid=7932, tid=0x0000000000001e30
#
# JRE version: OpenJDK Runtime Environment (8.0_202-b03) (build 1.8.0_202-release-1483-b03)
# Java VM: OpenJDK 64-Bit Server VM (25.202-b03 mixed mode windows-amd64 compressed oops)
# Failed to write core dump. Minidumps are not enabled by default on client versions of Windows
#

---------------  T H R E A D  ---------------

Current thread (0x000000001633a000):  JavaThread "C2 CompilerThread1" daemon [_thread_in_native, id=7728, stack(0x0000000017e40000,0x0000000017f40000)]

Stack: [0x0000000017e40000,0x0000000017f40000]
[error occurred during error reporting (printing stack bounds), id 0xc0000005]

Native frames: (J=compiled Java code, j=interpreted, Vv=VM code, C=native code)


Current CompileTask:
C2: 189387 15091   !   4       java.io.ObjectOutputStream::writeObject0 (619 bytes)


---------------  P R O C E S S  ---------------

Java Threads: ( => current thread )
  0x000000001f411800 JavaThread "Cache worker for execution history cache (C:\Users\PCPCPC\Documents\Groupassignment\.gradle\5.4.1\executionHistory)" [_thread_blocked, id=368, stack(0x0000000023af0000,0x0000000023bf0000)]
  0x000000001f410000 JavaThread "Execution worker for ':' Thread 3" [_thread_in_native, id=5272, stack(0x00000000239f0000,0x0000000023af0000)]
  0x000000001f40d000 JavaThread "Execution worker for ':' Thread 2" [_thread_blocked, id=244, stack(0x00000000236f0000,0x00000000237f0000)]
  0x000000001c007800 JavaThread "Execution worker for ':'" [_thread_blocked, id=4624, stack(0x0000000022f30000,0x0000000023030000)]
  0x000000001c005800 JavaThread "Cache worker for file content cache (C:\Users\PCPCPC\Documents\Groupassignment\.gradle\5.4.1\fileContent)" [_thread_blocked, id=5584, stack(0x0000000022c30000,0x0000000022d30000)]
  0x000000001c004800 JavaThread "Cache worker for Build Output Cleanup Cache (C:\Users\PCPCPC\Documents\Groupassignment\.gradle\buildOutputCleanup)" [_thread_blocked, id=1924, stack(0x00000000214c0000,0x00000000215c0000)]
  0x000000001c007000 JavaThread "Build operations Thread 4" [_thread_blocked, id=308, stack(0x0000000020dc0000,0x0000000020ec0000)]
  0x000000001c004000 JavaThread "Build operations Thread 3" [_thread_blocked, id=5912, stack(0x00000000206c0000,0x00000000207c0000)]
  0x000000001bfff800 JavaThread "Build operations Thread 2" [_thread_blocked, id=6196, stack(0x00000000205c0000,0x00000000206c0000)]
  0x000000001c006000 JavaThread "Build operations" [_thread_blocked, id=4348, stack(0x000000001e550000,0x000000001e650000)]
  0x000000001c003000 JavaThread "Cache worker for cache directory md-rule (C:\Users\PCPCPC\.gradle\caches\5.4.1\md-rule)" [_thread_blocked, id=5104, stack(0x000000001e180000,0x000000001e280000)]
  0x000000001c002800 JavaThread "Cache worker for cache directory md-supplier (C:\Users\PCPCPC\.gradle\caches\5.4.1\md-supplier)" [_thread_blocked, id=3884, stack(0x000000001cdf0000,0x000000001cef0000)]
  0x000000001c001800 JavaThread "Cache worker for file hash cache (C:\Users\PCPCPC\Documents\Groupassignment\.gradle\5.4.1\fileHashes)" [_thread_blocked, id=8064, stack(0x000000001a850000,0x000000001a950000)]
  0x000000001bffa000 JavaThread "Thread-40" [_thread_blocked, id=3200, stack(0x000000001a750000,0x000000001a850000)]
  0x000000001c001000 JavaThread "Stdin handler" [_thread_blocked, id=6964, stack(0x000000001a650000,0x000000001a750000)]
  0x000000001bffe800 JavaThread "Asynchronous log dispatcher for DefaultDaemonConnection: socket connection from /127.0.0.1:4025 to /127.0.0.1:4087" [_thread_blocked, id=5764, stack(0x000000001a450000,0x000000001a550000)]
  0x000000001c000000 JavaThread "Cancel handler" [_thread_blocked, id=1744, stack(0x000000001a150000,0x000000001a250000)]
  0x000000001bffd000 JavaThread "Handler for socket connection from /127.0.0.1:4025 to /127.0.0.1:4087" [_thread_in_native, id=2112, stack(0x00000000021e0000,0x00000000022e0000)]
  0x000000001bff8800 JavaThread "Cache worker for Java compile cache (C:\Users\PCPCPC\.gradle\caches\5.4.1\javaCompile)" [_thread_blocked, id=7096, stack(0x0000000025060000,0x0000000025160000)]
  0x000000001f413000 JavaThread "Cache worker for file content cache (C:\Users\PCPCPC\.gradle\caches\5.4.1\fileContent)" [_thread_blocked, id=5500, stack(0x0000000022b30000,0x0000000022c30000)]
  0x000000001f40d800 JavaThread "Memory manager" [_thread_blocked, id=8716, stack(0x00000000219c0000,0x0000000021ac0000)]
  0x000000001f40c000 JavaThread "Cache worker for execution history cache (C:\Users\PCPCPC\.gradle\caches\5.4.1\executionHistory)" [_thread_blocked, id=2428, stack(0x00000000200c0000,0x00000000201c0000)]
  0x0000000018ea5800 JavaThread "Cache worker for journal cache (C:\Users\PCPCPC\.gradle\caches\journal-1)" [_thread_blocked, id=8796, stack(0x000000001ad50000,0x000000001ae50000)]
  0x0000000018ea2800 JavaThread "File lock request listener" [_thread_in_native, id=5216, stack(0x000000001aa50000,0x000000001ab50000)]
  0x0000000018ea4000 JavaThread "Cache worker for file hash cache (C:\Users\PCPCPC\.gradle\caches\5.4.1\fileHashes)" [_thread_blocked, id=2044, stack(0x000000001a950000,0x000000001aa50000)]
  0x000000001962a000 JavaThread "Daemon worker" [_thread_blocked, id=1804, stack(0x000000001a550000,0x000000001a650000)]
  0x0000000017a4c800 JavaThread "Daemon" [_thread_blocked, id=8056, stack(0x000000001a050000,0x000000001a150000)]
  0x0000000017a4b000 JavaThread "Daemon periodic checks" [_thread_blocked, id=660, stack(0x0000000019f50000,0x000000001a050000)]
  0x0000000018ff4800 JavaThread "Incoming local TCP Connector on port 4025" [_thread_in_native, id=2704, stack(0x0000000019d10000,0x0000000019e10000)]
  0x00000000190d0000 JavaThread "Daemon health stats" [_thread_blocked, id=1568, stack(0x0000000019a10000,0x0000000019b10000)]
  0x00000000177a9000 JavaThread "Service Thread" daemon [_thread_blocked, id=7320, stack(0x0000000018040000,0x0000000018140000)]
  0x00000000177a3800 JavaThread "C1 CompilerThread2" daemon [_thread_blocked, id=2572, stack(0x0000000017f40000,0x0000000018040000)]
=>0x000000001633a000 JavaThread "C2 CompilerThread1" daemon [_thread_in_native, id=7728, stack(0x0000000017e40000,0x0000000017f40000)]
  0x00000000162ea000 JavaThread "C2 CompilerThread0" daemon [_thread_in_native, id=6896, stack(0x0000000017d40000,0x0000000017e40000)]
  0x0000000016337800 JavaThread "Attach Listener" daemon [_thread_blocked, id=5540, stack(0x0000000017c40000,0x0000000017d40000)]
  0x00000000162d6800 JavaThread "Signal Dispatcher" daemon [_thread_blocked, id=4252, stack(0x0000000017b40000,0x0000000017c40000)]
  0x000000000296a800 JavaThread "Finalizer" daemon [_thread_blocked, id=7092, stack(0x0000000017540000,0x0000000017640000)]
  0x00000000162c9000 JavaThread "Reference Handler" daemon [_thread_blocked, id=2696, stack(0x0000000017440000,0x0000000017540000)]
  0x000000000286e000 JavaThread "main" [_thread_blocked, id=4828, stack(0x00000000026a0000,0x00000000027a0000)]

Other Threads:
  0x00000000162a7000 VMThread [stack: 0x0000000017340000,0x0000000017440000] [id=7800]
  0x00000000177ac000 WatcherThread [stack: 0x0000000018140000,0x0000000018240000] [id=4560]

VM state:not at safepoint (normal execution)

VM Mutex/Monitor currently owned by a thread: None

heap address: 0x00000000a0000000, size: 1536 MB, Compressed Oops mode: 32-bit
Narrow klass base: 0x0000000000000000, Narrow klass shift: 3
Compressed class space size: 1073741824 Address: 0x0000000100000000

Heap:
 PSYoungGen      total 186368K, used 110349K [0x00000000e0000000, 0x00000000eeb00000, 0x0000000100000000)
  eden space 144896K, 51% used [0x00000000e0000000,0x00000000e48f5ba8,0x00000000e8d80000)
  from space 41472K, 85% used [0x00000000ec280000,0x00000000ee54d9d0,0x00000000eeb00000)
  to   space 36864K, 0% used [0x00000000e8d80000,0x00000000e8d80000,0x00000000eb180000)
 ParOldGen       total 131072K, used 91859K [0x00000000a0000000, 0x00000000a8000000, 0x00000000e0000000)
  object space 131072K, 70% used [0x00000000a0000000,0x00000000a59b4da0,0x00000000a8000000)
 Metaspace       used 92867K, capacity 96196K, committed 96344K, reserved 1132544K
  class space    used 12116K, capacity 12809K, committed 12928K, reserved 1048576K

Card table byte_map: [0x0000000011d30000,0x0000000012040000] byte_map_base: 0x0000000011830000

Marking Bits: (ParMarkBitMap*) 0x0000000074569f30
 Begin Bits: [0x0000000012640000, 0x0000000013e40000)
 End Bits:   [0x0000000013e40000, 0x0000000015640000)

Polling page: 0x0000000000650000

CodeCache: size=245760Kb used=41324Kb max_used=41778Kb free=204435Kb
 bounds [0x0000000002970000, 0x0000000005270000, 0x0000000011970000]
 total_blobs=13219 nmethods=12344 adapters=783
 compilation: enabled

Compilation events (10 events):
Event: 189.133 Thread 0x00000000177a3800 nmethod 15126 0x0000000005269d10 code [0x0000000005269f20, 0x000000000526a928]
Event: 189.133 Thread 0x00000000177a3800 15127       3       org.gradle.api.internal.artifacts.ivyservice.ivyresolve.ErrorHandlingModuleComponentRepository$ErrorHandlingModuleComponentRepositoryAccess::resolveArtifact (27 bytes)
Event: 189.134 Thread 0x00000000177a3800 nmethod 15127 0x000000000526ae90 code [0x000000000526b0c0, 0x000000000526beb8]
Event: 189.134 Thread 0x00000000177a3800 15128       3       org.gradle.api.internal.artifacts.ivyservice.ivyresolve.ErrorHandlingModuleComponentRepository$ErrorHandlingModuleComponentRepositoryAccess$$Lambda$26/612094320::call (20 bytes)
Event: 189.134 Thread 0x00000000177a3800 nmethod 15128 0x000000000525d950 code [0x000000000525dac0, 0x000000000525dc68]
Event: 189.135 Thread 0x00000000177a3800 15129       3       org.gradle.api.internal.artifacts.DefaultArtifactIdentifier::<init> (48 bytes)
Event: 189.136 Thread 0x00000000177a3800 nmethod 15129 0x000000000526c6d0 code [0x000000000526c8a0, 0x000000000526d188]
Event: 189.136 Thread 0x00000000177a3800 15130       3       org.gradle.api.internal.artifacts.ivyservice.ivyresolve.CachingModuleComponentRepository$LocateInCacheRepositoryAccess::resolveArtifact (49 bytes)
Event: 189.137 Thread 0x00000000177a3800 nmethod 15130 0x000000000526d690 code [0x000000000526d840, 0x000000000526ddb8]
Event: 189.137 Thread 0x00000000177a3800 15131       3       org.gradle.api.internal.artifacts.ivyservice.ivyresolve.CachingModuleComponentRepository$LocateInCacheRepositoryAccess::resolveArtifactFromCache (258 bytes)

GC Heap History (10 events):
Event: 72.595 GC heap before
{Heap before GC invocations=19 (full 3):
 PSYoungGen      total 129536K, used 124247K [0x00000000e0000000, 0x00000000ea400000, 0x0000000100000000)
  eden space 114176K, 100% used [0x00000000e0000000,0x00000000e6f80000,0x00000000e6f80000)
  from space 15360K, 65% used [0x00000000e6f80000,0x00000000e7955d68,0x00000000e7e80000)
  to   space 15360K, 0% used [0x00000000e9500000,0x00000000e9500000,0x00000000ea400000)
 ParOldGen       total 131072K, used 33878K [0x00000000a0000000, 0x00000000a8000000, 0x00000000e0000000)
  object space 131072K, 25% used [0x00000000a0000000,0x00000000a21159a0,0x00000000a8000000)
 Metaspace       used 66318K, capacity 68344K, committed 68568K, reserved 1107968K
  class space    used 8902K, capacity 9385K, committed 9472K, reserved 1048576K
Event: 72.655 GC heap after
Heap after GC invocations=19 (full 3):
 PSYoungGen      total 147456K, used 15340K [0x00000000e0000000, 0x00000000eab00000, 0x0000000100000000)
  eden space 132096K, 0% used [0x00000000e0000000,0x00000000e0000000,0x00000000e8100000)
  from space 15360K, 99% used [0x00000000e9500000,0x00000000ea3fb298,0x00000000ea400000)
  to   space 20480K, 0% used [0x00000000e8100000,0x00000000e8100000,0x00000000e9500000)
 ParOldGen       total 131072K, used 42272K [0x00000000a0000000, 0x00000000a8000000, 0x00000000e0000000)
  object space 131072K, 32% used [0x00000000a0000000,0x00000000a2948158,0x00000000a8000000)
 Metaspace       used 66318K, capacity 68344K, committed 68568K, reserved 1107968K
  class space    used 8902K, capacity 9385K, committed 9472K, reserved 1048576K
}
Event: 84.927 GC heap before
{Heap before GC invocations=20 (full 3):
 PSYoungGen      total 147456K, used 147436K [0x00000000e0000000, 0x00000000eab00000, 0x0000000100000000)
  eden space 132096K, 100% used [0x00000000e0000000,0x00000000e8100000,0x00000000e8100000)
  from space 15360K, 99% used [0x00000000e9500000,0x00000000ea3fb298,0x00000000ea400000)
  to   space 20480K, 0% used [0x00000000e8100000,0x00000000e8100000,0x00000000e9500000)
 ParOldGen       total 131072K, used 42272K [0x00000000a0000000, 0x00000000a8000000, 0x00000000e0000000)
  object space 131072K, 32% used [0x00000000a0000000,0x00000000a2948158,0x00000000a8000000)
 Metaspace       used 74182K, capacity 76228K, committed 76504K, reserved 1116160K
  class space    used 9725K, capacity 10219K, committed 10240K, reserved 1048576K
Event: 85.021 GC heap after
Heap after GC invocations=20 (full 3):
 PSYoungGen      total 152576K, used 20473K [0x00000000e0000000, 0x00000000ed380000, 0x0000000100000000)
  eden space 132096K, 0% used [0x00000000e0000000,0x00000000e0000000,0x00000000e8100000)
  from space 20480K, 99% used [0x00000000e8100000,0x00000000e94fe700,0x00000000e9500000)
  to   space 34816K, 0% used [0x00000000eb180000,0x00000000eb180000,0x00000000ed380000)
 ParOldGen       total 131072K, used 72404K [0x00000000a0000000, 0x00000000a8000000, 0x00000000e0000000)
  object space 131072K, 55% used [0x00000000a0000000,0x00000000a46b53f0,0x00000000a8000000)
 Metaspace       used 74182K, capacity 76228K, committed 76504K, reserved 1116160K
  class space    used 9725K, capacity 10219K, committed 10240K, reserved 1048576K
}
Event: 98.445 GC heap before
{Heap before GC invocations=21 (full 3):
 PSYoungGen      total 152576K, used 152569K [0x00000000e0000000, 0x00000000ed380000, 0x0000000100000000)
  eden space 132096K, 100% used [0x00000000e0000000,0x00000000e8100000,0x00000000e8100000)
  from space 20480K, 99% used [0x00000000e8100000,0x00000000e94fe700,0x00000000e9500000)
  to   space 34816K, 0% used [0x00000000eb180000,0x00000000eb180000,0x00000000ed380000)
 ParOldGen       total 131072K, used 72404K [0x00000000a0000000, 0x00000000a8000000, 0x00000000e0000000)
  object space 131072K, 55% used [0x00000000a0000000,0x00000000a46b53f0,0x00000000a8000000)
 Metaspace       used 75693K, capacity 77882K, committed 78168K, reserved 1118208K
  class space    used 9819K, capacity 10318K, committed 10368K, reserved 1048576K
Event: 98.507 GC heap after
Heap after GC invocations=21 (full 3):
 PSYoungGen      total 179712K, used 24488K [0x00000000e0000000, 0x00000000ed600000, 0x0000000100000000)
  eden space 144896K, 0% used [0x00000000e0000000,0x00000000e0000000,0x00000000e8d80000)
  from space 34816K, 70% used [0x00000000eb180000,0x00000000ec96a188,0x00000000ed380000)
  to   space 36864K, 0% used [0x00000000e8d80000,0x00000000e8d80000,0x00000000eb180000)
 ParOldGen       total 131072K, used 91843K [0x00000000a0000000, 0x00000000a8000000, 0x00000000e0000000)
  object space 131072K, 70% used [0x00000000a0000000,0x00000000a59b0da0,0x00000000a8000000)
 Metaspace       used 75693K, capacity 77882K, committed 78168K, reserved 1118208K
  class space    used 9819K, capacity 10318K, committed 10368K, reserved 1048576K
}
Event: 116.884 GC heap before
{Heap before GC invocations=22 (full 3):
 PSYoungGen      total 179712K, used 169376K [0x00000000e0000000, 0x00000000ed600000, 0x0000000100000000)
  eden space 144896K, 99% used [0x00000000e0000000,0x00000000e8d7dfc8,0x00000000e8d80000)
  from space 34816K, 70% used [0x00000000eb180000,0x00000000ec96a188,0x00000000ed380000)
  to   space 36864K, 0% used [0x00000000e8d80000,0x00000000e8d80000,0x00000000eb180000)
 ParOldGen       total 131072K, used 91843K [0x00000000a0000000, 0x00000000a8000000, 0x00000000e0000000)
  object space 131072K, 70% used [0x00000000a0000000,0x00000000a59b0da0,0x00000000a8000000)
 Metaspace       used 85024K, capacity 87856K, committed 88152K, reserved 1126400K
  class space    used 11192K, capacity 11847K, committed 11904K, reserved 1048576K
Event: 116.931 GC heap after
Heap after GC invocations=22 (full 3):
 PSYoungGen      total 181760K, used 33654K [0x00000000e0000000, 0x00000000eeb00000, 0x0000000100000000)
  eden space 144896K, 0% used [0x00000000e0000000,0x00000000e0000000,0x00000000e8d80000)
  from space 36864K, 91% used [0x00000000e8d80000,0x00000000eae5d930,0x00000000eb180000)
  to   space 41472K, 0% used [0x00000000ec280000,0x00000000ec280000,0x00000000eeb00000)
 ParOldGen       total 131072K, used 91851K [0x00000000a0000000, 0x00000000a8000000, 0x00000000e0000000)
  object space 131072K, 70% used [0x00000000a0000000,0x00000000a59b2da0,0x00000000a8000000)
 Metaspace       used 85024K, capacity 87856K, committed 88152K, reserved 1126400K
  class space    used 11192K, capacity 11847K, committed 11904K, reserved 1048576K
}
Event: 185.381 GC heap before
{Heap before GC invocations=23 (full 3):
 PSYoungGen      total 181760K, used 178550K [0x00000000e0000000, 0x00000000eeb00000, 0x0000000100000000)
  eden space 144896K, 100% used [0x00000000e0000000,0x00000000e8d80000,0x00000000e8d80000)
  from space 36864K, 91% used [0x00000000e8d80000,0x00000000eae5d930,0x00000000eb180000)
  to   space 41472K, 0% used [0x00000000ec280000,0x00000000ec280000,0x00000000eeb00000)
 ParOldGen       total 131072K, used 91851K [0x00000000a0000000, 0x00000000a8000000, 0x00000000e0000000)
  object space 131072K, 70% used [0x00000000a0000000,0x00000000a59b2da0,0x00000000a8000000)
 Metaspace       used 92471K, capacity 95776K, committed 96088K, reserved 1132544K
  class space    used 12112K, capacity 12803K, committed 12928K, reserved 1048576K
Event: 185.426 GC heap after
Heap after GC invocations=23 (full 3):
 PSYoungGen      total 186368K, used 35638K [0x00000000e0000000, 0x00000000eeb00000, 0x0000000100000000)
  eden space 144896K, 0% used [0x00000000e0000000,0x00000000e0000000,0x00000000e8d80000)
  from space 41472K, 85% used [0x00000000ec280000,0x00000000ee54d9d0,0x00000000eeb00000)
  to   space 36864K, 0% used [0x00000000e8d80000,0x00000000e8d80000,0x00000000eb180000)
 ParOldGen       total 131072K, used 91859K [0x00000000a0000000, 0x00000000a8000000, 0x00000000e0000000)
  object space 131072K, 70% used [0x00000000a0000000,0x00000000a59b4da0,0x00000000a8000000)
 Metaspace       used 92471K, capacity 95776K, committed 96088K, reserved 1132544K
  class space    used 12112K, capacity 12803K, committed 12928K, reserved 1048576K
}

Deoptimization events (10 events):
Event: 186.654 Thread 0x000000001962a000 Uncommon trap: reason=speculate_class_check action=maybe_recompile pc=0x0000000003e950a0 method=java.util.EnumMap.containsKey(Ljava/lang/Object;)Z @ 13
Event: 186.655 Thread 0x000000001962a000 Uncommon trap: reason=speculate_class_check action=maybe_recompile pc=0x0000000003e950a0 method=java.util.EnumMap.containsKey(Ljava/lang/Object;)Z @ 13
Event: 186.656 Thread 0x000000001962a000 Uncommon trap: reason=speculate_class_check action=maybe_recompile pc=0x0000000003e950a0 method=java.util.EnumMap.containsKey(Ljava/lang/Object;)Z @ 13
Event: 186.778 Thread 0x000000001962a000 Uncommon trap: reason=class_check action=maybe_recompile pc=0x00000000048e1e04 method=java.util.Spliterators$ArraySpliterator.tryAdvance(Ljava/util/function/Consumer;)Z @ 49
Event: 187.753 Thread 0x000000001962a000 Uncommon trap: reason=array_check action=maybe_recompile pc=0x0000000004fef920 method=java.util.ComparableTimSort.binarySort([Ljava/lang/Object;III)V @ 183
Event: 187.757 Thread 0x000000001962a000 Uncommon trap: reason=array_check action=maybe_recompile pc=0x0000000004fef920 method=java.util.ComparableTimSort.binarySort([Ljava/lang/Object;III)V @ 183
Event: 187.943 Thread 0x000000001962a000 Uncommon trap: reason=unstable_if action=reinterpret pc=0x0000000003d2b00c method=com.google.common.cache.LongAdder.add(J)V @ 24
Event: 187.975 Thread 0x000000001962a000 Uncommon trap: reason=unstable_if action=reinterpret pc=0x0000000003123bf4 method=java.util.concurrent.ConcurrentLinkedQueue.updateHead(Ljava/util/concurrent/ConcurrentLinkedQueue$Node;Ljava/util/concurrent/ConcurrentLinkedQueue$Node;)V @ 11
Event: 188.565 Thread 0x000000001962a000 Uncommon trap: reason=unstable_if action=reinterpret pc=0x000000000355ae98 method=java.util.concurrent.ConcurrentLinkedQueue.updateHead(Ljava/util/concurrent/ConcurrentLinkedQueue$Node;Ljava/util/concurrent/ConcurrentLinkedQueue$Node;)V @ 11
Event: 188.994 Thread 0x000000001f410000 Uncommon trap: reason=unstable_if action=reinterpret pc=0x0000000005247b48 method=com.google.common.cache.LongAdder.add(J)V @ 95

Classes redefined (0 events):
No events

Internal exceptions (10 events):
Event: 120.902 Thread 0x000000001bfff800 Exception <a 'java/lang/NoSuchMethodError': java.lang.Object.newSystemTemporaryDirectory()Lcom/android/tools/build/apkzlib/bytestorage/TemporaryDirectory;> (0x00000000e2e7e5f8) thrown at [D:\src\AOSP-openjdk-cygwin\jdk8u\hotspot\src\share\vm\interpreter\l
Event: 121.461 Thread 0x000000001bfff800 Exception <a 'java/lang/NoSuchMethodError': java.lang.Object.lambda$static$0(Lcom/android/apksig/util/RunnablesProvider;)V> (0x00000000e33492a8) thrown at [D:\src\AOSP-openjdk-cygwin\jdk8u\hotspot\src\share\vm\interpreter\linkResolver.cpp, line 620]
Event: 125.848 Thread 0x000000001962a000 Implicit null exception at 0x0000000004fac91f to 0x0000000004facdd1
Event: 126.021 Thread 0x000000001962a000 Implicit null exception at 0x0000000004fb9ee2 to 0x0000000004fba9d9
Event: 126.637 Thread 0x0000000017a4c800 Exception <a 'java/lang/NoSuchMethodError': <clinit>> (0x00000000e7b3bb00) thrown at [D:\src\AOSP-openjdk-cygwin\jdk8u\hotspot\src\share\vm\prims\jni.cpp, line 1614]
Event: 126.638 Thread 0x0000000017a4c800 Exception <a 'java/lang/NoSuchMethodError': <clinit>> (0x00000000e7b470b0) thrown at [D:\src\AOSP-openjdk-cygwin\jdk8u\hotspot\src\share\vm\prims\jni.cpp, line 1614]
Event: 126.639 Thread 0x0000000017a4c800 Exception <a 'java/lang/NoSuchMethodError': <clinit>> (0x00000000e7b51110) thrown at [D:\src\AOSP-openjdk-cygwin\jdk8u\hotspot\src\share\vm\prims\jni.cpp, line 1614]
Event: 126.641 Thread 0x0000000017a4c800 Exception <a 'java/lang/NoSuchMethodError': <clinit>> (0x00000000e7b6a138) thrown at [D:\src\AOSP-openjdk-cygwin\jdk8u\hotspot\src\share\vm\prims\jni.cpp, line 1614]
Event: 126.643 Thread 0x0000000017a4c800 Exception <a 'java/lang/NoSuchMethodError': <clinit>> (0x00000000e7b7ad28) thrown at [D:\src\AOSP-openjdk-cygwin\jdk8u\hotspot\src\share\vm\prims\jni.cpp, line 1614]
Event: 184.897 Thread 0x000000001962a000 Implicit null exception at 0x0000000003a4986f to 0x0000000003a4990d

Events (10 events):
Event: 189.154 Thread 0x00000000177a3800 flushing nmethod 0x0000000003d7b890
Event: 189.155 Thread 0x00000000177a3800 flushing nmethod 0x0000000003de7890
Event: 189.155 Thread 0x00000000177a3800 flushing nmethod 0x0000000003df0810
Event: 189.156 Thread 0x00000000177a3800 flushing nmethod 0x0000000003ef5450
Event: 189.156 Thread 0x00000000177a3800 flushing nmethod 0x0000000003f70810
Event: 189.156 Thread 0x00000000177a3800 flushing nmethod 0x0000000003f7a9d0
Event: 189.156 Thread 0x00000000177a3800 flushing nmethod 0x0000000003f86290
Event: 189.157 Thread 0x00000000177a3800 flushing nmethod 0x0000000003fe5910
Event: 189.157 Thread 0x00000000177a3800 flushing nmethod 0x0000000004028890
Event: 189.158 Thread 0x00000000177a3800 flushing nmethod 0x00000000041587d0


Dynamic libraries:
0x00007ff7688a0000 - 0x00007ff7688d1000 	C:\Program Files\Android\Android Studio\jre\bin\java.exe
0x00007ff8d7400000 - 0x00007ff8d75f0000 	C:\WINDOWS\SYSTEM32\ntdll.dll
0x00007ff8d6d20000 - 0x00007ff8d6dd2000 	C:\WINDOWS\System32\KERNEL32.DLL
0x00007ff8d4d50000 - 0x00007ff8d4ff3000 	C:\WINDOWS\System32\KERNELBASE.dll
0x00007ff8d6de0000 - 0x00007ff8d6e83000 	C:\WINDOWS\System32\ADVAPI32.dll
0x00007ff8d6bd0000 - 0x00007ff8d6c6e000 	C:\WINDOWS\System32\msvcrt.dll
0x00007ff8d5650000 - 0x00007ff8d56e7000 	C:\WINDOWS\System32\sechost.dll
0x00007ff8d5530000 - 0x00007ff8d5650000 	C:\WINDOWS\System32\RPCRT4.dll
0x00007ff8d56f0000 - 0x00007ff8d5884000 	C:\WINDOWS\System32\USER32.dll
0x00007ff8d4cd0000 - 0x00007ff8d4cf1000 	C:\WINDOWS\System32\win32u.dll
0x00007ff8d5d00000 - 0x00007ff8d5d26000 	C:\WINDOWS\System32\GDI32.dll
0x00007ff8d5280000 - 0x00007ff8d5414000 	C:\WINDOWS\System32\gdi32full.dll
0x00007ff8d4390000 - 0x00007ff8d442e000 	C:\WINDOWS\System32\msvcp_win.dll
0x00007ff8d4430000 - 0x00007ff8d452a000 	C:\WINDOWS\System32\ucrtbase.dll
0x00007ff8c6660000 - 0x00007ff8c68e5000 	C:\WINDOWS\WinSxS\amd64_microsoft.windows.common-controls_6595b64144ccf1df_6.0.18362.476_none_e6c4b11b130f2595\COMCTL32.dll
0x00007ff8d6e90000 - 0x00007ff8d71c6000 	C:\WINDOWS\System32\combase.dll
0x00007ff8d5000000 - 0x00007ff8d5080000 	C:\WINDOWS\System32\bcryptPrimitives.dll
0x00007ff8d6710000 - 0x00007ff8d673e000 	C:\WINDOWS\System32\IMM32.DLL
0x0000000073cc0000 - 0x0000000073d92000 	C:\Program Files\Android\Android Studio\jre\jre\bin\msvcr100.dll
0x0000000073da0000 - 0x00000000745e6000 	C:\Program Files\Android\Android Studio\jre\jre\bin\server\jvm.dll
0x00007ff8d6530000 - 0x00007ff8d6538000 	C:\WINDOWS\System32\PSAPI.DLL
0x00007ff8d2c70000 - 0x00007ff8d2c79000 	C:\WINDOWS\SYSTEM32\WSOCK32.dll
0x00007ff8d1870000 - 0x00007ff8d1894000 	C:\WINDOWS\SYSTEM32\WINMM.dll
0x00007ff8d6540000 - 0x00007ff8d65af000 	C:\WINDOWS\System32\WS2_32.dll
0x00007ff8cd840000 - 0x00007ff8cd84a000 	C:\WINDOWS\SYSTEM32\VERSION.dll
0x00007ff8d1840000 - 0x00007ff8d186d000 	C:\WINDOWS\SYSTEM32\WINMMBASE.dll
0x00007ff8d4d00000 - 0x00007ff8d4d4a000 	C:\WINDOWS\System32\cfgmgr32.dll
0x00007ff8d0220000 - 0x00007ff8d022f000 	C:\Program Files\Android\Android Studio\jre\jre\bin\verify.dll
0x00007ff8cd080000 - 0x00007ff8cd0a9000 	C:\Program Files\Android\Android Studio\jre\jre\bin\java.dll
0x00007ff8cd450000 - 0x00007ff8cd466000 	C:\Program Files\Android\Android Studio\jre\jre\bin\zip.dll
0x00007ff8d5db0000 - 0x00007ff8d6495000 	C:\WINDOWS\System32\SHELL32.dll
0x00007ff8d7240000 - 0x00007ff8d72e9000 	C:\WINDOWS\System32\shcore.dll
0x00007ff8d4530000 - 0x00007ff8d4cae000 	C:\WINDOWS\System32\windows.storage.dll
0x00007ff8d4350000 - 0x00007ff8d436f000 	C:\WINDOWS\System32\profapi.dll
0x00007ff8d4300000 - 0x00007ff8d434a000 	C:\WINDOWS\System32\powrprof.dll
0x00007ff8d42d0000 - 0x00007ff8d42e0000 	C:\WINDOWS\System32\UMPDC.dll
0x00007ff8d54d0000 - 0x00007ff8d5522000 	C:\WINDOWS\System32\shlwapi.dll
0x00007ff8d42e0000 - 0x00007ff8d42f1000 	C:\WINDOWS\System32\kernel.appcore.dll
0x00007ff8d4cb0000 - 0x00007ff8d4cc7000 	C:\WINDOWS\System32\cryptsp.dll
0x00007ff8ccef0000 - 0x00007ff8ccf0a000 	C:\Program Files\Android\Android Studio\jre\jre\bin\net.dll
0x00007ff8d3b40000 - 0x00007ff8d3ba7000 	C:\WINDOWS\system32\mswsock.dll
0x00007ff8cced0000 - 0x00007ff8ccee1000 	C:\Program Files\Android\Android Studio\jre\jre\bin\nio.dll
0x00007ff8cd7e0000 - 0x00007ff8cd806000 	C:\Users\PCPCPC\.gradle\native\29\windows-amd64\native-platform.dll
0x00007ff8d0160000 - 0x00007ff8d016d000 	C:\Program Files\Android\Android Studio\jre\jre\bin\management.dll
0x00007ff8d36b0000 - 0x00007ff8d36e3000 	C:\WINDOWS\system32\rsaenh.dll
0x00007ff8d5480000 - 0x00007ff8d54a6000 	C:\WINDOWS\System32\bcrypt.dll
0x00007ff8d41c0000 - 0x00007ff8d41e5000 	C:\WINDOWS\SYSTEM32\USERENV.dll
0x00007ff8d3d10000 - 0x00007ff8d3d1c000 	C:\WINDOWS\SYSTEM32\CRYPTBASE.dll
0x00007ff8d3850000 - 0x00007ff8d388a000 	C:\WINDOWS\SYSTEM32\IPHLPAPI.DLL
0x00007ff8d6520000 - 0x00007ff8d6528000 	C:\WINDOWS\System32\NSI.dll
0x00007ff8c9fa0000 - 0x00007ff8c9fb6000 	C:\WINDOWS\SYSTEM32\dhcpcsvc6.DLL
0x00007ff8c9360000 - 0x00007ff8c937c000 	C:\WINDOWS\SYSTEM32\dhcpcsvc.DLL
0x00007ff8d3890000 - 0x00007ff8d395a000 	C:\WINDOWS\SYSTEM32\DNSAPI.dll
0x0000000066e00000 - 0x0000000066f03000 	C:\Users\PCPCPC\AppData\Local\Temp\room-32424f6f-e6f0-4a8d-8576-1224b7e61cb2\sqlite-3.25.2-26f83f70-96c5-410e-a8ae-8658a5b4bfe9-sqlitejdbc.dll
0x00007ff8ccdd0000 - 0x00007ff8ccdf4000 	C:\Program Files\Android\Android Studio\jre\jre\bin\sunec.dll
0x00007ff8cd6e0000 - 0x00007ff8cd6eb000 	C:\Program Files\Android\Android Studio\jre\jre\bin\sunmscapi.dll
0x00007ff8d5130000 - 0x00007ff8d5279000 	C:\WINDOWS\System32\CRYPT32.dll
0x00007ff8d4370000 - 0x00007ff8d4382000 	C:\WINDOWS\System32\MSASN1.dll

VM Arguments:
jvm_args: -Xmx1536m -Dfile.encoding=GBK -Duser.country=AU -Duser.language=en -Duser.variant 
java_command: org.gradle.launcher.daemon.bootstrap.GradleDaemon 5.4.1
java_class_path (initial): C:\Users\PCPCPC\.gradle\wrapper\dists\gradle-5.4.1-all\3221gyojl5jsh0helicew7rwx\gradle-5.4.1\lib\gradle-launcher-5.4.1.jar
Launcher Type: SUN_STANDARD

Environment Variables:
PATH=C:\ProgramData\Oracle\Java\javapath;C:\WINDOWS\system32;C:\WINDOWS;C:\WINDOWS\System32\Wbem;C:\WINDOWS\System32\WindowsPowerShell\v1.0\;C:\WINDOWS\System32\OpenSSH\;C:\Users\PCPCPC\AppData\Local\Microsoft\WindowsApps;C:\Users\PCPCPC\AppData\Local\GitHubDesktop\bin
USERNAME=PCPCPC
OS=Windows_NT
PROCESSOR_IDENTIFIER=Intel64 Family 6 Model 61 Stepping 4, GenuineIntel



---------------  S Y S T E M  ---------------

OS: Windows 10.0 , 64 bit Build 18362 (10.0.18362.329)

CPU:total 4 (initial active 4) (2 cores per cpu, 2 threads per core) family 6 model 61 stepping 4, cmov, cx8, fxsr, mmx, sse, sse2, sse3, ssse3, sse4.1, sse4.2, popcnt, avx, avx2, aes, clmul, erms, 3dnowpref, lzcnt, ht, tsc, tscinvbit, bmi1, bmi2, adx

Memory: 4k page, physical 8309004k(734236k free), swap 8309004k(2128k free)

vm_info: OpenJDK 64-Bit Server VM (25.202-b03) for windows-amd64 JRE (1.8.0_202-release-1483-b03), built by "builder" with MS VC++ 10.0 (VS2010)

time: Sat Nov 16 16:14:44 2019
timezone: AUS Eastern Summer Time
elapsed time: 189 seconds (0d 0h 3m 9s)

