#
# There is insufficient memory for the Java Runtime Environment to continue.
# Native memory allocation (malloc) failed to allocate 33072 bytes for Chunk::new
# Possible reasons:
#   The system is out of physical RAM or swap space
#   The process is running with CompressedOops enabled, and the Java Heap may be blocking the growth of the native heap
# Possible solutions:
#   Reduce memory load on the system
#   Increase physical memory or swap space
#   Check if swap backing store is full
#   Decrease Java heap size (-Xmx/-Xms)
#   Decrease number of Java threads
#   Decrease Java thread stack sizes (-Xss)
#   Set larger code cache with -XX:ReservedCodeCacheSize=
#   JVM is running with Unscaled Compressed Oops mode in which the Java heap is
#     placed in the first 4GB address space. The Java Heap base address is the
#     maximum limit for the native heap growth. Please use -XX:HeapBaseMinAddress
#     to set the Java Heap base and to place the Java Heap above 4GB virtual address.
# This output file may be truncated or incomplete.
#
#  Out of Memory Error (allocation.cpp:389), pid=7560, tid=0x0000000000001c88
#
# JRE version: OpenJDK Runtime Environment (8.0_202-b03) (build 1.8.0_202-release-1483-b03)
# Java VM: OpenJDK 64-Bit Server VM (25.202-b03 mixed mode windows-amd64 compressed oops)
# Failed to write core dump. Minidumps are not enabled by default on client versions of Windows
#

---------------  T H R E A D  ---------------

Current thread (0x000000001656c800):  JavaThread "C2 CompilerThread1" daemon [_thread_in_native, id=7304, stack(0x0000000018070000,0x0000000018170000)]

Stack: [0x0000000018070000,0x0000000018170000]
[error occurred during error reporting (printing stack bounds), id 0xc0000005]

Native frames: (J=compiled Java code, j=interpreted, Vv=VM code, C=native code)


Current CompileTask:
C2:2276674 11584       4       javax.management.ObjectName::construct (1228 bytes)


---------------  P R O C E S S  ---------------

Java Threads: ( => current thread )
  0x000000001ebd2800 JavaThread "WorkerExecutor Queue Thread 3" [_thread_blocked, id=4324, stack(0x0000000024cc0000,0x0000000024dc0000)]
  0x000000001ebd0800 JavaThread "stdout" [_thread_in_native, id=8308, stack(0x0000000024ac0000,0x0000000024bc0000)]
  0x000000001ebc9800 JavaThread "stderr" [_thread_in_native, id=1020, stack(0x00000000249c0000,0x0000000024ac0000)]
  0x000000001ebc9000 JavaThread "stdout" [_thread_in_native, id=4148, stack(0x00000000248c0000,0x00000000249c0000)]
  0x000000001ebcc800 JavaThread "stderr" [_thread_in_native, id=124, stack(0x00000000247c0000,0x00000000248c0000)]
  0x000000001ebcc000 JavaThread "pool-5-thread-1" [_thread_blocked, id=2872, stack(0x00000000246c0000,0x00000000247c0000)]
  0x000000001ebcf800 JavaThread "WorkerExecutor Queue" [_thread_blocked, id=5880, stack(0x00000000244c0000,0x00000000245c0000)]
  0x000000001ef36800 JavaThread "Cache worker for execution history cache (C:\Users\PCPCPC\Documents\Groupassignment\.gradle\5.4.1\executionHistory)" [_thread_blocked, id=3196, stack(0x00000000235d0000,0x00000000236d0000)]
  0x000000001ef35800 JavaThread "Execution worker for ':' Thread 3" [_thread_blocked, id=1296, stack(0x0000000023fc0000,0x00000000240c0000)]
  0x000000001ef35000 JavaThread "Execution worker for ':' Thread 2" [_thread_blocked, id=1200, stack(0x0000000023830000,0x0000000023930000)]
  0x000000001ef31000 JavaThread "Execution worker for ':'" [_thread_blocked, id=1796, stack(0x0000000023730000,0x0000000023830000)]
  0x000000001ef37000 JavaThread "Cache worker for file content cache (C:\Users\PCPCPC\Documents\Groupassignment\.gradle\5.4.1\fileContent)" [_thread_blocked, id=4624, stack(0x00000000232d0000,0x00000000233d0000)]
  0x000000001ef32800 JavaThread "Cache worker for file content cache (C:\Users\PCPCPC\.gradle\caches\5.4.1\fileContent)" [_thread_blocked, id=8020, stack(0x00000000231d0000,0x00000000232d0000)]
  0x000000001ef33800 JavaThread "Cache worker for Build Output Cleanup Cache (C:\Users\PCPCPC\Documents\Groupassignment\.gradle\buildOutputCleanup)" [_thread_blocked, id=5272, stack(0x00000000230d0000,0x00000000231d0000)]
  0x0000000018758000 JavaThread "Build operations Thread 4" [_thread_blocked, id=4800, stack(0x0000000022fd0000,0x00000000230d0000)]
  0x000000001875e000 JavaThread "Build operations Thread 3" [_thread_blocked, id=368, stack(0x0000000022ed0000,0x0000000022fd0000)]
  0x000000001f0f8800 JavaThread "Build operations Thread 2" [_thread_blocked, id=4980, stack(0x000000001fe00000,0x000000001ff00000)]
  0x000000001f0f6000 JavaThread "Build operations" [_thread_blocked, id=7200, stack(0x000000001fd00000,0x000000001fe00000)]
  0x000000001f0f5800 JavaThread "Cache worker for cache directory md-rule (C:\Users\PCPCPC\.gradle\caches\5.4.1\md-rule)" [_thread_blocked, id=3412, stack(0x0000000021410000,0x0000000021510000)]
  0x000000001f0f7000 JavaThread "Cache worker for cache directory md-supplier (C:\Users\PCPCPC\.gradle\caches\5.4.1\md-supplier)" [_thread_blocked, id=4360, stack(0x000000001dff0000,0x000000001e0f0000)]
  0x000000001f0f7800 JavaThread "Cache worker for file hash cache (C:\Users\PCPCPC\Documents\Groupassignment\.gradle\5.4.1\fileHashes)" [_thread_blocked, id=3816, stack(0x000000001aa80000,0x000000001ab80000)]
  0x000000001f0f4800 JavaThread "Thread-44" [_thread_blocked, id=1988, stack(0x000000001a780000,0x000000001a880000)]
  0x000000001f0f2800 JavaThread "Asynchronous log dispatcher for DefaultDaemonConnection: socket connection from /127.0.0.1:3549 to /127.0.0.1:3954" [_thread_blocked, id=6668, stack(0x000000001a380000,0x000000001a480000)]
  0x000000001f0f3000 JavaThread "Daemon worker Thread 2" [_thread_blocked, id=7396, stack(0x000000001a280000,0x000000001a380000)]
  0x000000001f0f1800 JavaThread "Cancel handler" [_thread_blocked, id=8824, stack(0x0000000000bf0000,0x0000000000cf0000)]
  0x000000001f0f0000 JavaThread "Handler for socket connection from /127.0.0.1:3549 to /127.0.0.1:3954" [_thread_in_native, id=596, stack(0x0000000000af0000,0x0000000000bf0000)]
  0x000000001f0ee000 JavaThread "Daemon Thread 2" [_thread_blocked, id=7276, stack(0x00000000009f0000,0x0000000000af0000)]
  0x000000001f0f4000 JavaThread "Memory manager" [_thread_blocked, id=6132, stack(0x0000000021930000,0x0000000021a30000)]
  0x000000001f0eb800 JavaThread "Cache worker for execution history cache (C:\Users\PCPCPC\.gradle\caches\5.4.1\executionHistory)" [_thread_blocked, id=4952, stack(0x0000000020100000,0x0000000020200000)]
  0x000000001875a800 JavaThread "Cache worker for journal cache (C:\Users\PCPCPC\.gradle\caches\journal-1)" [_thread_blocked, id=8372, stack(0x000000001ad80000,0x000000001ae80000)]
  0x000000001875c800 JavaThread "File lock request listener" [_thread_in_native, id=6388, stack(0x000000001ac80000,0x000000001ad80000)]
  0x000000001875d800 JavaThread "Cache worker for file hash cache (C:\Users\PCPCPC\.gradle\caches\5.4.1\fileHashes)" [_thread_blocked, id=5368, stack(0x000000001ab80000,0x000000001ac80000)]
  0x0000000018933000 JavaThread "Daemon periodic checks" [_thread_blocked, id=5180, stack(0x000000001a180000,0x000000001a280000)]
  0x0000000018498800 JavaThread "Incoming local TCP Connector on port 3549" [_thread_in_native, id=244, stack(0x0000000019f40000,0x000000001a040000)]
  0x00000000191e2800 JavaThread "Daemon health stats" [_thread_blocked, id=8380, stack(0x0000000019c40000,0x0000000019d40000)]
  0x00000000179db800 JavaThread "Service Thread" daemon [_thread_blocked, id=3652, stack(0x0000000018270000,0x0000000018370000)]
  0x00000000179cd000 JavaThread "C1 CompilerThread2" daemon [_thread_blocked, id=8788, stack(0x0000000018170000,0x0000000018270000)]
=>0x000000001656c800 JavaThread "C2 CompilerThread1" daemon [_thread_in_native, id=7304, stack(0x0000000018070000,0x0000000018170000)]
  0x000000001651c000 JavaThread "C2 CompilerThread0" daemon [_thread_blocked, id=4236, stack(0x0000000017f70000,0x0000000018070000)]
  0x0000000016568800 JavaThread "Attach Listener" daemon [_thread_blocked, id=7028, stack(0x0000000017e70000,0x0000000017f70000)]
  0x0000000016506800 JavaThread "Signal Dispatcher" daemon [_thread_blocked, id=4480, stack(0x0000000017d70000,0x0000000017e70000)]
  0x0000000002b9b000 JavaThread "Finalizer" daemon [_thread_blocked, id=1492, stack(0x0000000017770000,0x0000000017870000)]
  0x00000000164f9000 JavaThread "Reference Handler" daemon [_thread_blocked, id=5584, stack(0x0000000017670000,0x0000000017770000)]
  0x0000000000dae000 JavaThread "main" [_thread_blocked, id=3684, stack(0x00000000029a0000,0x0000000002aa0000)]

Other Threads:
  0x00000000164d6000 VMThread [stack: 0x0000000017570000,0x0000000017670000] [id=3800]
  0x00000000179d0800 WatcherThread [stack: 0x0000000018370000,0x0000000018470000] [id=6096]

VM state:not at safepoint (normal execution)

VM Mutex/Monitor currently owned by a thread: None

heap address: 0x00000000a0000000, size: 1536 MB, Compressed Oops mode: 32-bit
Narrow klass base: 0x0000000000000000, Narrow klass shift: 3
Compressed class space size: 1073741824 Address: 0x0000000100000000

Heap:
 PSYoungGen      total 262144K, used 200396K [0x00000000e0000000, 0x00000000f1d00000, 0x0000000100000000)
  eden space 240640K, 74% used [0x00000000e0000000,0x00000000eaeb9600,0x00000000eeb00000)
  from space 21504K, 99% used [0x00000000f0800000,0x00000000f1cf9de0,0x00000000f1d00000)
  to   space 24576K, 0% used [0x00000000eed00000,0x00000000eed00000,0x00000000f0500000)
 ParOldGen       total 115200K, used 30075K [0x00000000a0000000, 0x00000000a7080000, 0x00000000e0000000)
  object space 115200K, 26% used [0x00000000a0000000,0x00000000a1d5ec48,0x00000000a7080000)
 Metaspace       used 77080K, capacity 80072K, committed 80344K, reserved 1118208K
  class space    used 10037K, capacity 10694K, committed 10752K, reserved 1048576K

Card table byte_map: [0x0000000011f60000,0x0000000012270000] byte_map_base: 0x0000000011a60000

Marking Bits: (ParMarkBitMap*) 0x0000000074569f30
 Begin Bits: [0x0000000012870000, 0x0000000014070000)
 End Bits:   [0x0000000014070000, 0x0000000015870000)

Polling page: 0x0000000000d90000

CodeCache: size=245760Kb used=33062Kb max_used=33074Kb free=212697Kb
 bounds [0x0000000002ba0000, 0x0000000004c20000, 0x0000000011ba0000]
 total_blobs=10861 nmethods=10007 adapters=766
 compilation: enabled

Compilation events (10 events):
Event: 2236.161 Thread 0x00000000179cd000 nmethod 11579 0x0000000004c0f210 code [0x0000000004c0f380, 0x0000000004c0f6d8]
Event: 2236.163 Thread 0x000000001656c800 11580       4       java.io.Writer::write (11 bytes)
Event: 2236.176 Thread 0x000000001656c800 nmethod 11580 0x0000000004c12a50 code [0x0000000004c12bc0, 0x0000000004c13268]
Event: 2236.178 Thread 0x000000001651c000 11581       4       com.google.common.collect.AbstractIndexedListIterator::next (31 bytes)
Event: 2236.180 Thread 0x000000001651c000 nmethod 11581 0x0000000004c08d10 code [0x0000000004c08e60, 0x0000000004c08f58]
Event: 2245.157 Thread 0x000000001656c800 11582       4       java.util.concurrent.ConcurrentLinkedQueue::poll (85 bytes)
Event: 2245.166 Thread 0x000000001656c800 nmethod 11582 0x0000000004c0f890 code [0x0000000004c0f9e0, 0x0000000004c0fb78]
Event: 2267.730 Thread 0x000000001651c000 11583       4       org.gradle.internal.serialize.InputStreamBackedDecoder::readLong (8 bytes)
Event: 2267.735 Thread 0x000000001651c000 nmethod 11583 0x0000000004c13790 code [0x0000000004c138e0, 0x0000000004c13a78]
Event: 2276.550 Thread 0x000000001656c800 11584       4       javax.management.ObjectName::construct (1228 bytes)

GC Heap History (10 events):
Event: 23.079 GC heap before
{Heap before GC invocations=13 (full 2):
 PSYoungGen      total 162816K, used 162807K [0x00000000e0000000, 0x00000000eba80000, 0x0000000100000000)
  eden space 151040K, 100% used [0x00000000e0000000,0x00000000e9380000,0x00000000e9380000)
  from space 11776K, 99% used [0x00000000eaf00000,0x00000000eba7de70,0x00000000eba80000)
  to   space 13824K, 0% used [0x00000000e9f80000,0x00000000e9f80000,0x00000000ead00000)
 ParOldGen       total 80384K, used 20362K [0x00000000a0000000, 0x00000000a4e80000, 0x00000000e0000000)
  object space 80384K, 25% used [0x00000000a0000000,0x00000000a13e2868,0x00000000a4e80000)
 Metaspace       used 55680K, capacity 57320K, committed 57432K, reserved 1099776K
  class space    used 7537K, capacity 7989K, committed 8064K, reserved 1048576K
Event: 23.105 GC heap after
Heap after GC invocations=13 (full 2):
 PSYoungGen      total 177152K, used 13818K [0x00000000e0000000, 0x00000000ee480000, 0x0000000100000000)
  eden space 163328K, 0% used [0x00000000e0000000,0x00000000e0000000,0x00000000e9f80000)
  from space 13824K, 99% used [0x00000000e9f80000,0x00000000eacfea48,0x00000000ead00000)
  to   space 18432K, 0% used [0x00000000ed280000,0x00000000ed280000,0x00000000ee480000)
 ParOldGen       total 80384K, used 28874K [0x00000000a0000000, 0x00000000a4e80000, 0x00000000e0000000)
  object space 80384K, 35% used [0x00000000a0000000,0x00000000a1c32ae0,0x00000000a4e80000)
 Metaspace       used 55680K, capacity 57320K, committed 57432K, reserved 1099776K
  class space    used 7537K, capacity 7989K, committed 8064K, reserved 1048576K
}
Event: 23.384 GC heap before
{Heap before GC invocations=14 (full 2):
 PSYoungGen      total 177152K, used 32989K [0x00000000e0000000, 0x00000000ee480000, 0x0000000100000000)
  eden space 163328K, 11% used [0x00000000e0000000,0x00000000e12b8c70,0x00000000e9f80000)
  from space 13824K, 99% used [0x00000000e9f80000,0x00000000eacfea48,0x00000000ead00000)
  to   space 18432K, 0% used [0x00000000ed280000,0x00000000ed280000,0x00000000ee480000)
 ParOldGen       total 80384K, used 28874K [0x00000000a0000000, 0x00000000a4e80000, 0x00000000e0000000)
  object space 80384K, 35% used [0x00000000a0000000,0x00000000a1c32ae0,0x00000000a4e80000)
 Metaspace       used 57301K, capacity 58918K, committed 59028K, reserved 1099776K
  class space    used 7657K, capacity 8108K, committed 8192K, reserved 1048576K
Event: 23.432 GC heap after
Heap after GC invocations=14 (full 2):
 PSYoungGen      total 215040K, used 1260K [0x00000000e0000000, 0x00000000f0d00000, 0x0000000100000000)
  eden space 196608K, 0% used [0x00000000e0000000,0x00000000e0000000,0x00000000ec000000)
  from space 18432K, 6% used [0x00000000ed280000,0x00000000ed3bb1c0,0x00000000ee480000)
  to   space 18944K, 0% used [0x00000000ec000000,0x00000000ec000000,0x00000000ed280000)
 ParOldGen       total 80384K, used 36111K [0x00000000a0000000, 0x00000000a4e80000, 0x00000000e0000000)
  object space 80384K, 44% used [0x00000000a0000000,0x00000000a2343e80,0x00000000a4e80000)
 Metaspace       used 57301K, capacity 58918K, committed 59028K, reserved 1099776K
  class space    used 7657K, capacity 8108K, committed 8192K, reserved 1048576K
}
Event: 23.432 GC heap before
{Heap before GC invocations=15 (full 3):
 PSYoungGen      total 215040K, used 1260K [0x00000000e0000000, 0x00000000f0d00000, 0x0000000100000000)
  eden space 196608K, 0% used [0x00000000e0000000,0x00000000e0000000,0x00000000ec000000)
  from space 18432K, 6% used [0x00000000ed280000,0x00000000ed3bb1c0,0x00000000ee480000)
  to   space 18944K, 0% used [0x00000000ec000000,0x00000000ec000000,0x00000000ed280000)
 ParOldGen       total 80384K, used 36111K [0x00000000a0000000, 0x00000000a4e80000, 0x00000000e0000000)
  object space 80384K, 44% used [0x00000000a0000000,0x00000000a2343e80,0x00000000a4e80000)
 Metaspace       used 57301K, capacity 58918K, committed 59028K, reserved 1099776K
  class space    used 7657K, capacity 8108K, committed 8192K, reserved 1048576K
Event: 24.106 GC heap after
Heap after GC invocations=15 (full 3):
 PSYoungGen      total 215040K, used 0K [0x00000000e0000000, 0x00000000f0d00000, 0x0000000100000000)
  eden space 196608K, 0% used [0x00000000e0000000,0x00000000e0000000,0x00000000ec000000)
  from space 18432K, 0% used [0x00000000ed280000,0x00000000ed280000,0x00000000ee480000)
  to   space 18944K, 0% used [0x00000000ec000000,0x00000000ec000000,0x00000000ed280000)
 ParOldGen       total 115200K, used 30059K [0x00000000a0000000, 0x00000000a7080000, 0x00000000e0000000)
  object space 115200K, 26% used [0x00000000a0000000,0x00000000a1d5ac48,0x00000000a7080000)
 Metaspace       used 57301K, capacity 58918K, committed 59028K, reserved 1099776K
  class space    used 7657K, capacity 8108K, committed 8192K, reserved 1048576K
}
Event: 38.222 GC heap before
{Heap before GC invocations=16 (full 3):
 PSYoungGen      total 215040K, used 196608K [0x00000000e0000000, 0x00000000f0d00000, 0x0000000100000000)
  eden space 196608K, 100% used [0x00000000e0000000,0x00000000ec000000,0x00000000ec000000)
  from space 18432K, 0% used [0x00000000ed280000,0x00000000ed280000,0x00000000ee480000)
  to   space 18944K, 0% used [0x00000000ec000000,0x00000000ec000000,0x00000000ed280000)
 ParOldGen       total 115200K, used 30059K [0x00000000a0000000, 0x00000000a7080000, 0x00000000e0000000)
  object space 115200K, 26% used [0x00000000a0000000,0x00000000a1d5ac48,0x00000000a7080000)
 Metaspace       used 69072K, capacity 71332K, committed 71640K, reserved 1112064K
  class space    used 9141K, capacity 9675K, committed 9728K, reserved 1048576K
Event: 38.243 GC heap after
Heap after GC invocations=16 (full 3):
 PSYoungGen      total 215552K, used 18095K [0x00000000e0000000, 0x00000000f1d00000, 0x0000000100000000)
  eden space 196608K, 0% used [0x00000000e0000000,0x00000000e0000000,0x00000000ec000000)
  from space 18944K, 95% used [0x00000000ec000000,0x00000000ed1abde8,0x00000000ed280000)
  to   space 21504K, 0% used [0x00000000f0800000,0x00000000f0800000,0x00000000f1d00000)
 ParOldGen       total 115200K, used 30067K [0x00000000a0000000, 0x00000000a7080000, 0x00000000e0000000)
  object space 115200K, 26% used [0x00000000a0000000,0x00000000a1d5cc48,0x00000000a7080000)
 Metaspace       used 69072K, capacity 71332K, committed 71640K, reserved 1112064K
  class space    used 9141K, capacity 9675K, committed 9728K, reserved 1048576K
}
Event: 2213.524 GC heap before
{Heap before GC invocations=17 (full 3):
 PSYoungGen      total 215552K, used 214703K [0x00000000e0000000, 0x00000000f1d00000, 0x0000000100000000)
  eden space 196608K, 100% used [0x00000000e0000000,0x00000000ec000000,0x00000000ec000000)
  from space 18944K, 95% used [0x00000000ec000000,0x00000000ed1abde8,0x00000000ed280000)
  to   space 21504K, 0% used [0x00000000f0800000,0x00000000f0800000,0x00000000f1d00000)
 ParOldGen       total 115200K, used 30067K [0x00000000a0000000, 0x00000000a7080000, 0x00000000e0000000)
  object space 115200K, 26% used [0x00000000a0000000,0x00000000a1d5cc48,0x00000000a7080000)
 Metaspace       used 73861K, capacity 76658K, committed 76888K, reserved 1116160K
  class space    used 9673K, capacity 10273K, committed 10368K, reserved 1048576K
Event: 2213.607 GC heap after
Heap after GC invocations=17 (full 3):
 PSYoungGen      total 262144K, used 21479K [0x00000000e0000000, 0x00000000f1d00000, 0x0000000100000000)
  eden space 240640K, 0% used [0x00000000e0000000,0x00000000e0000000,0x00000000eeb00000)
  from space 21504K, 99% used [0x00000000f0800000,0x00000000f1cf9de0,0x00000000f1d00000)
  to   space 24576K, 0% used [0x00000000eed00000,0x00000000eed00000,0x00000000f0500000)
 ParOldGen       total 115200K, used 30075K [0x00000000a0000000, 0x00000000a7080000, 0x00000000e0000000)
  object space 115200K, 26% used [0x00000000a0000000,0x00000000a1d5ec48,0x00000000a7080000)
 Metaspace       used 73861K, capacity 76658K, committed 76888K, reserved 1116160K
  class space    used 9673K, capacity 10273K, committed 10368K, reserved 1048576K
}

Deoptimization events (10 events):
Event: 2235.042 Thread 0x000000001ef35800 Uncommon trap: reason=unstable_if action=reinterpret pc=0x0000000004880454 method=java.util.concurrent.ArrayBlockingQueue.enqueue(Ljava/lang/Object;)V @ 25
Event: 2235.043 Thread 0x000000001ef35800 Uncommon trap: reason=unstable_if action=reinterpret pc=0x0000000004881954 method=java.util.concurrent.ArrayBlockingQueue.dequeue()Ljava/lang/Object; @ 32
Event: 2235.044 Thread 0x000000001ef36800 Uncommon trap: reason=unstable_if action=reinterpret pc=0x00000000041a68f8 method=com.esotericsoftware.kryo.io.Output.writeString(Ljava/lang/CharSequence;)V @ 50
Event: 2235.044 Thread 0x000000001ef36800 Uncommon trap: reason=unstable_if action=reinterpret pc=0x00000000035b28d8 method=com.esotericsoftware.kryo.io.Output.writeString(Ljava/lang/CharSequence;)V @ 50
Event: 2235.058 Thread 0x000000001ef36800 Uncommon trap: reason=predicate action=maybe_recompile pc=0x00000000039e92c8 method=java.util.Collections.indexedBinarySearch(Ljava/util/List;Ljava/lang/Object;)I @ 16
Event: 2235.059 Thread 0x000000001ef36800 Uncommon trap: reason=bimorphic action=maybe_recompile pc=0x0000000004519a0c method=java.io.DataOutputStream.writeLong(J)V @ 108
Event: 2235.059 Thread 0x000000001ef36800 Uncommon trap: reason=bimorphic action=maybe_recompile pc=0x0000000004519a0c method=java.io.DataOutputStream.writeLong(J)V @ 108
Event: 2235.059 Thread 0x000000001ef36800 Uncommon trap: reason=bimorphic action=maybe_recompile pc=0x0000000004519a0c method=java.io.DataOutputStream.writeLong(J)V @ 108
Event: 2235.059 Thread 0x000000001ef36800 Uncommon trap: reason=bimorphic action=maybe_recompile pc=0x0000000004519a0c method=java.io.DataOutputStream.writeLong(J)V @ 108
Event: 2235.544 Thread 0x000000001ef35800 Uncommon trap: reason=unstable_if action=reinterpret pc=0x0000000003d486b0 method=org.gradle.internal.snapshot.impl.AbstractScalarValueSnapshot.equals(Ljava/lang/Object;)Z @ 19

Classes redefined (0 events):
No events

Internal exceptions (10 events):
Event: 2231.109 Thread 0x000000001ef35800 Exception <a 'java/lang/NoSuchMethodError': <clinit>> (0x00000000e86ba930) thrown at [D:\src\AOSP-openjdk-cygwin\jdk8u\hotspot\src\share\vm\prims\jni.cpp, line 1614]
Event: 2231.110 Thread 0x000000001ef35800 Exception <a 'java/lang/NoSuchMethodError': <clinit>> (0x00000000e86d4988) thrown at [D:\src\AOSP-openjdk-cygwin\jdk8u\hotspot\src\share\vm\prims\jni.cpp, line 1614]
Event: 2231.110 Thread 0x000000001ef35800 Exception <a 'java/lang/NoSuchMethodError': <clinit>> (0x00000000e86d9870) thrown at [D:\src\AOSP-openjdk-cygwin\jdk8u\hotspot\src\share\vm\prims\jni.cpp, line 1614]
Event: 2231.125 Thread 0x000000001ef35800 Exception <a 'java/lang/NoSuchMethodError': <clinit>> (0x00000000e86e9f48) thrown at [D:\src\AOSP-openjdk-cygwin\jdk8u\hotspot\src\share\vm\prims\jni.cpp, line 1614]
Event: 2232.724 Thread 0x000000001f0f3000 Implicit null exception at 0x000000000344c8a4 to 0x000000000344cc61
Event: 2234.419 Thread 0x000000001f0f3000 Implicit null exception at 0x0000000002e91c54 to 0x0000000002e91ffd
Event: 2235.660 Thread 0x000000001ef35800 Exception <a 'java/lang/NoSuchMethodError': <clinit>> (0x00000000eaa3a760) thrown at [D:\src\AOSP-openjdk-cygwin\jdk8u\hotspot\src\share\vm\prims\jni.cpp, line 1614]
Event: 2235.663 Thread 0x000000001ef35800 Exception <a 'java/lang/NoSuchMethodError': <clinit>> (0x00000000eaa53d40) thrown at [D:\src\AOSP-openjdk-cygwin\jdk8u\hotspot\src\share\vm\prims\jni.cpp, line 1614]
Event: 2235.665 Thread 0x000000001ef35800 Exception <a 'java/lang/NoSuchMethodError': <clinit>> (0x00000000eaa6c1a8) thrown at [D:\src\AOSP-openjdk-cygwin\jdk8u\hotspot\src\share\vm\prims\jni.cpp, line 1614]
Event: 2235.677 Thread 0x000000001ef35800 Exception <a 'java/lang/NoSuchMethodError': <clinit>> (0x00000000eaa9e6e0) thrown at [D:\src\AOSP-openjdk-cygwin\jdk8u\hotspot\src\share\vm\prims\jni.cpp, line 1614]

Events (10 events):
Event: 2237.694 Executing VM operation: RevokeBias
Event: 2237.694 Executing VM operation: RevokeBias done
Event: 2237.694 Thread 0x000000001ebcd800 Thread exited: 0x000000001ebcd800
Event: 2246.550 loading class org/gradle/workers/internal/WorkerDaemonExpiration$SimpleMemoryExpirationSelector
Event: 2246.550 loading class org/gradle/workers/internal/WorkerDaemonExpiration$SimpleMemoryExpirationSelector done
Event: 2246.552 loading class org/gradle/workers/internal/WorkerDaemonClientsManager$1
Event: 2246.552 loading class org/gradle/workers/internal/WorkerDaemonClientsManager$1 done
Event: 2271.263 Executing VM operation: RevokeBias
Event: 2271.263 Executing VM operation: RevokeBias done
Event: 2271.263 Thread 0x000000001f0ec800 Thread exited: 0x000000001f0ec800


Dynamic libraries:
0x00007ff7688a0000 - 0x00007ff7688d1000 	C:\Program Files\Android\Android Studio\jre\bin\java.exe
0x00007ff8d7400000 - 0x00007ff8d75f0000 	C:\WINDOWS\SYSTEM32\ntdll.dll
0x00007ff8d6d20000 - 0x00007ff8d6dd2000 	C:\WINDOWS\System32\KERNEL32.DLL
0x00007ff8d4d50000 - 0x00007ff8d4ff3000 	C:\WINDOWS\System32\KERNELBASE.dll
0x00007ff8d6de0000 - 0x00007ff8d6e83000 	C:\WINDOWS\System32\ADVAPI32.dll
0x00007ff8d6bd0000 - 0x00007ff8d6c6e000 	C:\WINDOWS\System32\msvcrt.dll
0x00007ff8d5650000 - 0x00007ff8d56e7000 	C:\WINDOWS\System32\sechost.dll
0x00007ff8d5530000 - 0x00007ff8d5650000 	C:\WINDOWS\System32\RPCRT4.dll
0x00007ff8d56f0000 - 0x00007ff8d5884000 	C:\WINDOWS\System32\USER32.dll
0x00007ff8d4cd0000 - 0x00007ff8d4cf1000 	C:\WINDOWS\System32\win32u.dll
0x00007ff8d5d00000 - 0x00007ff8d5d26000 	C:\WINDOWS\System32\GDI32.dll
0x00007ff8d5280000 - 0x00007ff8d5414000 	C:\WINDOWS\System32\gdi32full.dll
0x00007ff8d4390000 - 0x00007ff8d442e000 	C:\WINDOWS\System32\msvcp_win.dll
0x00007ff8d4430000 - 0x00007ff8d452a000 	C:\WINDOWS\System32\ucrtbase.dll
0x00007ff8c6660000 - 0x00007ff8c68e5000 	C:\WINDOWS\WinSxS\amd64_microsoft.windows.common-controls_6595b64144ccf1df_6.0.18362.476_none_e6c4b11b130f2595\COMCTL32.dll
0x00007ff8d6e90000 - 0x00007ff8d71c6000 	C:\WINDOWS\System32\combase.dll
0x00007ff8d5000000 - 0x00007ff8d5080000 	C:\WINDOWS\System32\bcryptPrimitives.dll
0x00007ff8d6710000 - 0x00007ff8d673e000 	C:\WINDOWS\System32\IMM32.DLL
0x0000000073cc0000 - 0x0000000073d92000 	C:\Program Files\Android\Android Studio\jre\jre\bin\msvcr100.dll
0x0000000073da0000 - 0x00000000745e6000 	C:\Program Files\Android\Android Studio\jre\jre\bin\server\jvm.dll
0x00007ff8d6530000 - 0x00007ff8d6538000 	C:\WINDOWS\System32\PSAPI.DLL
0x00007ff8d2c70000 - 0x00007ff8d2c79000 	C:\WINDOWS\SYSTEM32\WSOCK32.dll
0x00007ff8d6540000 - 0x00007ff8d65af000 	C:\WINDOWS\System32\WS2_32.dll
0x00007ff8d1870000 - 0x00007ff8d1894000 	C:\WINDOWS\SYSTEM32\WINMM.dll
0x00007ff8cd840000 - 0x00007ff8cd84a000 	C:\WINDOWS\SYSTEM32\VERSION.dll
0x00007ff8d1840000 - 0x00007ff8d186d000 	C:\WINDOWS\SYSTEM32\WINMMBASE.dll
0x00007ff8d4d00000 - 0x00007ff8d4d4a000 	C:\WINDOWS\System32\cfgmgr32.dll
0x00007ff8d0220000 - 0x00007ff8d022f000 	C:\Program Files\Android\Android Studio\jre\jre\bin\verify.dll
0x00007ff8cd080000 - 0x00007ff8cd0a9000 	C:\Program Files\Android\Android Studio\jre\jre\bin\java.dll
0x00007ff8cd450000 - 0x00007ff8cd466000 	C:\Program Files\Android\Android Studio\jre\jre\bin\zip.dll
0x00007ff8d5db0000 - 0x00007ff8d6495000 	C:\WINDOWS\System32\SHELL32.dll
0x00007ff8d7240000 - 0x00007ff8d72e9000 	C:\WINDOWS\System32\shcore.dll
0x00007ff8d4530000 - 0x00007ff8d4cae000 	C:\WINDOWS\System32\windows.storage.dll
0x00007ff8d4350000 - 0x00007ff8d436f000 	C:\WINDOWS\System32\profapi.dll
0x00007ff8d4300000 - 0x00007ff8d434a000 	C:\WINDOWS\System32\powrprof.dll
0x00007ff8d42d0000 - 0x00007ff8d42e0000 	C:\WINDOWS\System32\UMPDC.dll
0x00007ff8d54d0000 - 0x00007ff8d5522000 	C:\WINDOWS\System32\shlwapi.dll
0x00007ff8d42e0000 - 0x00007ff8d42f1000 	C:\WINDOWS\System32\kernel.appcore.dll
0x00007ff8d4cb0000 - 0x00007ff8d4cc7000 	C:\WINDOWS\System32\cryptsp.dll
0x00007ff8ccef0000 - 0x00007ff8ccf0a000 	C:\Program Files\Android\Android Studio\jre\jre\bin\net.dll
0x00007ff8d3b40000 - 0x00007ff8d3ba7000 	C:\WINDOWS\system32\mswsock.dll
0x00007ff8cced0000 - 0x00007ff8ccee1000 	C:\Program Files\Android\Android Studio\jre\jre\bin\nio.dll
0x00007ff8cd7e0000 - 0x00007ff8cd806000 	C:\Users\PCPCPC\.gradle\native\29\windows-amd64\native-platform.dll
0x00007ff8d0160000 - 0x00007ff8d016d000 	C:\Program Files\Android\Android Studio\jre\jre\bin\management.dll
0x00007ff8d36b0000 - 0x00007ff8d36e3000 	C:\WINDOWS\system32\rsaenh.dll
0x00007ff8d5480000 - 0x00007ff8d54a6000 	C:\WINDOWS\System32\bcrypt.dll
0x00007ff8d41c0000 - 0x00007ff8d41e5000 	C:\WINDOWS\SYSTEM32\USERENV.dll
0x00007ff8d3d10000 - 0x00007ff8d3d1c000 	C:\WINDOWS\SYSTEM32\CRYPTBASE.dll
0x00007ff8d3850000 - 0x00007ff8d388a000 	C:\WINDOWS\SYSTEM32\IPHLPAPI.DLL
0x00007ff8d6520000 - 0x00007ff8d6528000 	C:\WINDOWS\System32\NSI.dll
0x00007ff8c9fa0000 - 0x00007ff8c9fb6000 	C:\WINDOWS\SYSTEM32\dhcpcsvc6.DLL
0x00007ff8c9360000 - 0x00007ff8c937c000 	C:\WINDOWS\SYSTEM32\dhcpcsvc.DLL
0x00007ff8d3890000 - 0x00007ff8d395a000 	C:\WINDOWS\SYSTEM32\DNSAPI.dll
0x00007ff8ccdd0000 - 0x00007ff8ccdf4000 	C:\Program Files\Android\Android Studio\jre\jre\bin\sunec.dll
0x00007ff8c8990000 - 0x00007ff8c899a000 	C:\Windows\System32\rasadhlp.dll

VM Arguments:
jvm_args: -Xmx1536m -Dfile.encoding=GBK -Duser.country=AU -Duser.language=en -Duser.variant 
java_command: org.gradle.launcher.daemon.bootstrap.GradleDaemon 5.4.1
java_class_path (initial): C:\Users\PCPCPC\.gradle\wrapper\dists\gradle-5.4.1-all\3221gyojl5jsh0helicew7rwx\gradle-5.4.1\lib\gradle-launcher-5.4.1.jar
Launcher Type: SUN_STANDARD

Environment Variables:
PATH=C:\ProgramData\Oracle\Java\javapath;C:\WINDOWS\system32;C:\WINDOWS;C:\WINDOWS\System32\Wbem;C:\WINDOWS\System32\WindowsPowerShell\v1.0\;C:\WINDOWS\System32\OpenSSH\;C:\Users\PCPCPC\AppData\Local\Microsoft\WindowsApps;C:\Users\PCPCPC\AppData\Local\GitHubDesktop\bin
USERNAME=PCPCPC
OS=Windows_NT
PROCESSOR_IDENTIFIER=Intel64 Family 6 Model 61 Stepping 4, GenuineIntel



---------------  S Y S T E M  ---------------

OS: Windows 10.0 , 64 bit Build 18362 (10.0.18362.329)

CPU:total 4 (initial active 4) (2 cores per cpu, 2 threads per core) family 6 model 61 stepping 4, cmov, cx8, fxsr, mmx, sse, sse2, sse3, ssse3, sse4.1, sse4.2, popcnt, avx, avx2, aes, clmul, erms, 3dnowpref, lzcnt, ht, tsc, tscinvbit, bmi1, bmi2, adx

Memory: 4k page, physical 8309004k(885380k free), swap 8309004k(3656k free)

vm_info: OpenJDK 64-Bit Server VM (25.202-b03) for windows-amd64 JRE (1.8.0_202-release-1483-b03), built by "builder" with MS VC++ 10.0 (VS2010)

time: Sat Nov 16 16:11:24 2019
timezone: AUS Eastern Summer Time
elapsed time: 2276 seconds (0d 0h 37m 56s)

