#
# There is insufficient memory for the Java Runtime Environment to continue.
# Native memory allocation (malloc) failed to allocate 1896336 bytes for Chunk::new
# Possible reasons:
#   The system is out of physical RAM or swap space
#   The process is running with CompressedOops enabled, and the Java Heap may be blocking the growth of the native heap
# Possible solutions:
#   Reduce memory load on the system
#   Increase physical memory or swap space
#   Check if swap backing store is full
#   Decrease Java heap size (-Xmx/-Xms)
#   Decrease number of Java threads
#   Decrease Java thread stack sizes (-Xss)
#   Set larger code cache with -XX:ReservedCodeCacheSize=
#   JVM is running with Unscaled Compressed Oops mode in which the Java heap is
#     placed in the first 4GB address space. The Java Heap base address is the
#     maximum limit for the native heap growth. Please use -XX:HeapBaseMinAddress
#     to set the Java Heap base and to place the Java Heap above 4GB virtual address.
# This output file may be truncated or incomplete.
#
#  Out of Memory Error (allocation.cpp:389), pid=6948, tid=0x000000000000145c
#
# JRE version: OpenJDK Runtime Environment (8.0_202-b03) (build 1.8.0_202-release-1483-b03)
# Java VM: OpenJDK 64-Bit Server VM (25.202-b03 mixed mode windows-amd64 compressed oops)
# Failed to write core dump. Minidumps are not enabled by default on client versions of Windows
#

---------------  T H R E A D  ---------------

Current thread (0x000000001681e800):  JavaThread "C2 CompilerThread1" daemon [_thread_in_native, id=5212, stack(0x0000000018310000,0x0000000018410000)]

Stack: [0x0000000018310000,0x0000000018410000]
[error occurred during error reporting (printing stack bounds), id 0xc0000005]

Native frames: (J=compiled Java code, j=interpreted, Vv=VM code, C=native code)


Current CompileTask:
C2:4187400 23904       4       org.antlr.v4.runtime.atn.ParserATNSimulator::closureCheckingStopState (244 bytes)


---------------  P R O C E S S  ---------------

Java Threads: ( => current thread )
  0x000000001c5b6800 JavaThread "Cache worker for Java compile cache (C:\Users\PCPCPC\Documents\Groupassignment\.gradle\5.4.1\javaCompile)" [_thread_blocked, id=1460, stack(0x000000002c590000,0x000000002c690000)]
  0x000000001bf84800 JavaThread "WorkerExecutor Queue Thread 3" [_thread_blocked, id=5644, stack(0x000000002c490000,0x000000002c590000)]
  0x000000001bf81800 JavaThread "stdout" [_thread_in_native, id=1472, stack(0x000000002c390000,0x000000002c490000)]
  0x000000001bf84000 JavaThread "stderr" [_thread_in_native, id=7708, stack(0x000000002c290000,0x000000002c390000)]
  0x000000001bf7c800 JavaThread "stdout" [_thread_in_native, id=6784, stack(0x000000002c190000,0x000000002c290000)]
  0x000000001bf80000 JavaThread "stderr" [_thread_in_native, id=1884, stack(0x000000002be10000,0x000000002bf10000)]
  0x000000001bf81000 JavaThread "WorkerExecutor Queue Thread 2" [_thread_blocked, id=6628, stack(0x000000002bd10000,0x000000002be10000)]
  0x000000001bf7e800 JavaThread "pool-24-thread-1" [_thread_blocked, id=6804, stack(0x00000000299d0000,0x0000000029ad0000)]
  0x000000001bf77000 JavaThread "WorkerExecutor Queue" [_thread_blocked, id=7252, stack(0x00000000256c0000,0x00000000257c0000)]
  0x000000001bf7b800 JavaThread "Cache worker for execution history cache (C:\Users\PCPCPC\Documents\Groupassignment\.gradle\5.4.1\executionHistory)" [_thread_blocked, id=6712, stack(0x0000000024fc0000,0x00000000250c0000)]
  0x000000001bf7e000 JavaThread "Execution worker for ':' Thread 3" [_thread_blocked, id=6836, stack(0x0000000024640000,0x0000000024740000)]
  0x000000001bf7a000 JavaThread "Execution worker for ':' Thread 2" [_thread_in_native, id=8116, stack(0x0000000023ef0000,0x0000000023ff0000)]
  0x000000001bf7b000 JavaThread "Execution worker for ':'" [_thread_blocked, id=2532, stack(0x0000000021be0000,0x0000000021ce0000)]
  0x000000001bf79800 JavaThread "Cache worker for file content cache (C:\Users\PCPCPC\Documents\Groupassignment\.gradle\5.4.1\fileContent)" [_thread_blocked, id=7060, stack(0x00000000211b0000,0x00000000212b0000)]
  0x000000001bf76800 JavaThread "Cache worker for Build Output Cleanup Cache (C:\Users\PCPCPC\Documents\Groupassignment\.gradle\buildOutputCleanup)" [_thread_blocked, id=1364, stack(0x0000000020ab0000,0x0000000020bb0000)]
  0x000000001bb44000 JavaThread "Build operations Thread 4" [_thread_blocked, id=5332, stack(0x00000000209b0000,0x0000000020ab0000)]
  0x000000001bb45800 JavaThread "Build operations Thread 3" [_thread_blocked, id=5968, stack(0x00000000208b0000,0x00000000209b0000)]
  0x000000001bb46800 JavaThread "Build operations Thread 2" [_thread_blocked, id=792, stack(0x00000000207b0000,0x00000000208b0000)]
  0x000000001bb47000 JavaThread "Build operations" [_thread_blocked, id=3172, stack(0x0000000020170000,0x0000000020270000)]
  0x000000001bb4a000 JavaThread "Cache worker for cache directory md-rule (C:\Users\PCPCPC\.gradle\caches\5.4.1\md-rule)" [_thread_blocked, id=2000, stack(0x000000001e790000,0x000000001e890000)]
  0x000000001bb45000 JavaThread "Cache worker for cache directory md-supplier (C:\Users\PCPCPC\.gradle\caches\5.4.1\md-supplier)" [_thread_blocked, id=7608, stack(0x000000001e290000,0x000000001e390000)]
  0x000000001bb48800 JavaThread "Cache worker for file hash cache (C:\Users\PCPCPC\Documents\Groupassignment\.gradle\5.4.1\fileHashes)" [_thread_blocked, id=3644, stack(0x000000001ad20000,0x000000001ae20000)]
  0x000000001bb3c000 JavaThread "Thread-291" [_thread_blocked, id=5224, stack(0x000000001aa20000,0x000000001ab20000)]
  0x000000001bb42800 JavaThread "Stdin handler" [_thread_blocked, id=988, stack(0x000000001a920000,0x000000001aa20000)]
  0x000000001bb41000 JavaThread "Asynchronous log dispatcher for DefaultDaemonConnection: socket connection from /127.0.0.1:4745 to /127.0.0.1:6909" [_thread_blocked, id=5680, stack(0x000000001a620000,0x000000001a720000)]
  0x000000001bb42000 JavaThread "Daemon worker Thread 12" [_thread_blocked, id=3152, stack(0x000000001a520000,0x000000001a620000)]
  0x000000001bb40800 JavaThread "Cancel handler" [_thread_blocked, id=5896, stack(0x0000000000ee0000,0x0000000000fe0000)]
  0x000000001bb3f000 JavaThread "Handler for socket connection from /127.0.0.1:4745 to /127.0.0.1:6909" [_thread_in_native, id=7384, stack(0x0000000000de0000,0x0000000000ee0000)]
  0x000000001bb3e000 JavaThread "Daemon Thread 12" [_thread_blocked, id=236, stack(0x0000000000ce0000,0x0000000000de0000)]
  0x000000001bb3f800 JavaThread "Cache worker for Java compile cache (C:\Users\PCPCPC\.gradle\caches\5.4.1\javaCompile)" [_thread_blocked, id=4380, stack(0x0000000024240000,0x0000000024340000)]
  0x000000001bf78000 JavaThread "Cache worker for file content cache (C:\Users\PCPCPC\.gradle\caches\5.4.1\fileContent)" [_thread_blocked, id=7936, stack(0x0000000022390000,0x0000000022490000)]
  0x000000001bb49800 JavaThread "Memory manager" [_thread_blocked, id=7584, stack(0x00000000214b0000,0x00000000215b0000)]
  0x000000001bb3b000 JavaThread "Cache worker for execution history cache (C:\Users\PCPCPC\.gradle\caches\5.4.1\executionHistory)" [_thread_blocked, id=1040, stack(0x0000000020270000,0x0000000020370000)]
  0x0000000017c24800 JavaThread "Cache worker for journal cache (C:\Users\PCPCPC\.gradle\caches\journal-1)" [_thread_blocked, id=5784, stack(0x000000001b220000,0x000000001b320000)]
  0x0000000017c22000 JavaThread "File lock request listener" [_thread_in_native, id=32, stack(0x000000001af20000,0x000000001b020000)]
  0x0000000017c23800 JavaThread "Cache worker for file hash cache (C:\Users\PCPCPC\.gradle\caches\5.4.1\fileHashes)" [_thread_blocked, id=6680, stack(0x000000001ae20000,0x000000001af20000)]
  0x0000000017fe6000 JavaThread "Daemon periodic checks" [_thread_blocked, id=5868, stack(0x000000001a420000,0x000000001a520000)]
  0x0000000017fe5000 JavaThread "Incoming local TCP Connector on port 4745" [_thread_in_native, id=2060, stack(0x000000001a1e0000,0x000000001a2e0000)]
  0x0000000019308800 JavaThread "Daemon health stats" [_thread_blocked, id=6136, stack(0x0000000019ee0000,0x0000000019fe0000)]
  0x0000000017c91800 JavaThread "Service Thread" daemon [_thread_blocked, id=1136, stack(0x0000000018510000,0x0000000018610000)]
  0x0000000017c26000 JavaThread "C1 CompilerThread2" daemon [_thread_blocked, id=1124, stack(0x0000000018410000,0x0000000018510000)]
=>0x000000001681e800 JavaThread "C2 CompilerThread1" daemon [_thread_in_native, id=5212, stack(0x0000000018310000,0x0000000018410000)]
  0x000000001681a800 JavaThread "C2 CompilerThread0" daemon [_thread_in_native, id=3692, stack(0x0000000018210000,0x0000000018310000)]
  0x00000000167cd000 JavaThread "Attach Listener" daemon [_thread_blocked, id=2276, stack(0x0000000018110000,0x0000000018210000)]
  0x0000000017c18800 JavaThread "Signal Dispatcher" daemon [_thread_blocked, id=4340, stack(0x0000000018010000,0x0000000018110000)]
  0x0000000002e46000 JavaThread "Finalizer" daemon [_thread_blocked, id=7092, stack(0x0000000017a10000,0x0000000017b10000)]
  0x00000000167a9000 JavaThread "Reference Handler" daemon [_thread_blocked, id=5076, stack(0x0000000017910000,0x0000000017a10000)]
  0x000000000115d800 JavaThread "main" [_thread_blocked, id=2120, stack(0x0000000002c50000,0x0000000002d50000)]

Other Threads:
  0x0000000016786000 VMThread [stack: 0x0000000017810000,0x0000000017910000] [id=2864]
  0x0000000017c92800 WatcherThread [stack: 0x0000000018610000,0x0000000018710000] [id=4300]

VM state:not at safepoint (normal execution)

VM Mutex/Monitor currently owned by a thread: None

heap address: 0x00000000a0000000, size: 1536 MB, Compressed Oops mode: 32-bit
Narrow klass base: 0x0000000000000000, Narrow klass shift: 3
Compressed class space size: 1073741824 Address: 0x0000000100000000

Heap:
 PSYoungGen      total 377856K, used 58386K [0x00000000e0000000, 0x00000000fde00000, 0x0000000100000000)
  eden space 280576K, 20% used [0x00000000e0000000,0x00000000e39048e0,0x00000000f1200000)
  from space 97280K, 0% used [0x00000000f1200000,0x00000000f1200000,0x00000000f7100000)
  to   space 94208K, 0% used [0x00000000f8200000,0x00000000f8200000,0x00000000fde00000)
 ParOldGen       total 318976K, used 94066K [0x00000000a0000000, 0x00000000b3780000, 0x00000000e0000000)
  object space 318976K, 29% used [0x00000000a0000000,0x00000000a5bdc970,0x00000000b3780000)
 Metaspace       used 162497K, capacity 167146K, committed 167640K, reserved 1196032K
  class space    used 19541K, capacity 20360K, committed 20480K, reserved 1048576K

Card table byte_map: [0x0000000012210000,0x0000000012520000] byte_map_base: 0x0000000011d10000

Marking Bits: (ParMarkBitMap*) 0x0000000063319f30
 Begin Bits: [0x0000000012b20000, 0x0000000014320000)
 End Bits:   [0x0000000014320000, 0x0000000015b20000)

Polling page: 0x00000000007f0000

CodeCache: size=245760Kb used=68951Kb max_used=68951Kb free=176808Kb
 bounds [0x0000000002e50000, 0x0000000007200000, 0x0000000011e50000]
 total_blobs=19584 nmethods=18713 adapters=781
 compilation: enabled

Compilation events (10 events):
Event: 4187.233 Thread 0x0000000017c26000 23948       1       com.sun.tools.javac.code.Symbol::getQualifiedName (5 bytes)
Event: 4187.233 Thread 0x0000000017c26000 nmethod 23948 0x00000000071fc310 code [0x00000000071fc460, 0x00000000071fc570]
Event: 4187.237 Thread 0x0000000017c26000 23950       3       org.gradle.internal.serialize.AbstractCollectionSerializer::write (52 bytes)
Event: 4187.237 Thread 0x0000000017c26000 nmethod 23950 0x00000000071fc5d0 code [0x00000000071fc7a0, 0x00000000071fce38]
Event: 4187.237 Thread 0x0000000017c26000 23951       3       org.gradle.internal.serialize.BaseSerializerFactory$EnumSerializer::write (10 bytes)
Event: 4187.238 Thread 0x0000000017c26000 nmethod 23951 0x00000000071fd090 code [0x00000000071fd220, 0x00000000071fd648]
Event: 4187.238 Thread 0x0000000017c26000 23952       3       org.gradle.internal.serialize.BaseSerializerFactory$EnumSerializer::write (12 bytes)
Event: 4187.238 Thread 0x0000000017c26000 nmethod 23952 0x00000000071fd7d0 code [0x00000000071fd940, 0x00000000071fdc08]
Event: 4187.363 Thread 0x0000000017c26000 23953       3       com.sun.tools.javac.util.AbstractDiagnosticFormatter$SimpleConfiguration::setMultilineLimit (25 bytes)
Event: 4187.364 Thread 0x0000000017c26000 nmethod 23953 0x00000000071fdd10 code [0x00000000071fdea0, 0x00000000071fe388]

GC Heap History (10 events):
Event: 3537.416 GC heap before
{Heap before GC invocations=36 (full 4):
 PSYoungGen      total 348672K, used 290397K [0x00000000e0000000, 0x00000000fc580000, 0x0000000100000000)
  eden space 243712K, 100% used [0x00000000e0000000,0x00000000eee00000,0x00000000eee00000)
  from space 104960K, 44% used [0x00000000eee00000,0x00000000f1b976f0,0x00000000f5480000)
  to   space 99840K, 0% used [0x00000000f6400000,0x00000000f6400000,0x00000000fc580000)
 ParOldGen       total 266752K, used 87314K [0x00000000a0000000, 0x00000000b0480000, 0x00000000e0000000)
  object space 266752K, 32% used [0x00000000a0000000,0x00000000a5544b70,0x00000000b0480000)
 Metaspace       used 149010K, capacity 153736K, committed 153816K, reserved 1183744K
  class space    used 18093K, capacity 18941K, committed 18944K, reserved 1048576K
Event: 3537.479 GC heap after
Heap after GC invocations=36 (full 4):
 PSYoungGen      total 362496K, used 54601K [0x00000000e0000000, 0x00000000fc180000, 0x0000000100000000)
  eden space 266752K, 0% used [0x00000000e0000000,0x00000000e0000000,0x00000000f0480000)
  from space 95744K, 57% used [0x00000000f6400000,0x00000000f99527b8,0x00000000fc180000)
  to   space 96768K, 0% used [0x00000000f0480000,0x00000000f0480000,0x00000000f6300000)
 ParOldGen       total 266752K, used 87322K [0x00000000a0000000, 0x00000000b0480000, 0x00000000e0000000)
  object space 266752K, 32% used [0x00000000a0000000,0x00000000a5546b70,0x00000000b0480000)
 Metaspace       used 149010K, capacity 153736K, committed 153816K, reserved 1183744K
  class space    used 18093K, capacity 18941K, committed 18944K, reserved 1048576K
}
Event: 3678.001 GC heap before
{Heap before GC invocations=37 (full 4):
 PSYoungGen      total 362496K, used 321353K [0x00000000e0000000, 0x00000000fc180000, 0x0000000100000000)
  eden space 266752K, 100% used [0x00000000e0000000,0x00000000f0480000,0x00000000f0480000)
  from space 95744K, 57% used [0x00000000f6400000,0x00000000f99527b8,0x00000000fc180000)
  to   space 96768K, 0% used [0x00000000f0480000,0x00000000f0480000,0x00000000f6300000)
 ParOldGen       total 266752K, used 87322K [0x00000000a0000000, 0x00000000b0480000, 0x00000000e0000000)
  object space 266752K, 32% used [0x00000000a0000000,0x00000000a5546b70,0x00000000b0480000)
 Metaspace       used 154658K, capacity 159476K, committed 159704K, reserved 1189888K
  class space    used 18722K, capacity 19593K, committed 19712K, reserved 1048576K
Event: 3678.086 GC heap after
Heap after GC invocations=37 (full 4):
 PSYoungGen      total 363520K, used 75898K [0x00000000e0000000, 0x00000000fdc80000, 0x0000000100000000)
  eden space 266752K, 0% used [0x00000000e0000000,0x00000000e0000000,0x00000000f0480000)
  from space 96768K, 78% used [0x00000000f0480000,0x00000000f4e9e890,0x00000000f6300000)
  to   space 101888K, 0% used [0x00000000f7900000,0x00000000f7900000,0x00000000fdc80000)
 ParOldGen       total 266752K, used 87330K [0x00000000a0000000, 0x00000000b0480000, 0x00000000e0000000)
  object space 266752K, 32% used [0x00000000a0000000,0x00000000a5548b70,0x00000000b0480000)
 Metaspace       used 154658K, capacity 159476K, committed 159704K, reserved 1189888K
  class space    used 18722K, capacity 19593K, committed 19712K, reserved 1048576K
}
Event: 4182.743 GC heap before
{Heap before GC invocations=38 (full 4):
 PSYoungGen      total 363520K, used 342650K [0x00000000e0000000, 0x00000000fdc80000, 0x0000000100000000)
  eden space 266752K, 100% used [0x00000000e0000000,0x00000000f0480000,0x00000000f0480000)
  from space 96768K, 78% used [0x00000000f0480000,0x00000000f4e9e890,0x00000000f6300000)
  to   space 101888K, 0% used [0x00000000f7900000,0x00000000f7900000,0x00000000fdc80000)
 ParOldGen       total 266752K, used 87330K [0x00000000a0000000, 0x00000000b0480000, 0x00000000e0000000)
  object space 266752K, 32% used [0x00000000a0000000,0x00000000a5548b70,0x00000000b0480000)
 Metaspace       used 155949K, capacity 160732K, committed 160984K, reserved 1189888K
  class space    used 18838K, capacity 19689K, committed 19712K, reserved 1048576K
Event: 4182.840 GC heap after
Heap after GC invocations=38 (full 4):
 PSYoungGen      total 369664K, used 54465K [0x00000000e0000000, 0x00000000fd000000, 0x0000000100000000)
  eden space 280576K, 0% used [0x00000000e0000000,0x00000000e0000000,0x00000000f1200000)
  from space 89088K, 61% used [0x00000000f7900000,0x00000000fae30788,0x00000000fd000000)
  to   space 97280K, 0% used [0x00000000f1200000,0x00000000f1200000,0x00000000f7100000)
 ParOldGen       total 266752K, used 87338K [0x00000000a0000000, 0x00000000b0480000, 0x00000000e0000000)
  object space 266752K, 32% used [0x00000000a0000000,0x00000000a554ab70,0x00000000b0480000)
 Metaspace       used 155949K, capacity 160732K, committed 160984K, reserved 1189888K
  class space    used 18838K, capacity 19689K, committed 19712K, reserved 1048576K
}
Event: 4185.940 GC heap before
{Heap before GC invocations=39 (full 4):
 PSYoungGen      total 369664K, used 239820K [0x00000000e0000000, 0x00000000fd000000, 0x0000000100000000)
  eden space 280576K, 66% used [0x00000000e0000000,0x00000000eb502a08,0x00000000f1200000)
  from space 89088K, 61% used [0x00000000f7900000,0x00000000fae30788,0x00000000fd000000)
  to   space 97280K, 0% used [0x00000000f1200000,0x00000000f1200000,0x00000000f7100000)
 ParOldGen       total 266752K, used 87338K [0x00000000a0000000, 0x00000000b0480000, 0x00000000e0000000)
  object space 266752K, 32% used [0x00000000a0000000,0x00000000a554ab70,0x00000000b0480000)
 Metaspace       used 159035K, capacity 163824K, committed 163928K, reserved 1193984K
  class space    used 19134K, capacity 20017K, committed 20096K, reserved 1048576K
Event: 4186.019 GC heap after
Heap after GC invocations=39 (full 4):
 PSYoungGen      total 377856K, used 46365K [0x00000000e0000000, 0x00000000fde00000, 0x0000000100000000)
  eden space 280576K, 0% used [0x00000000e0000000,0x00000000e0000000,0x00000000f1200000)
  from space 97280K, 47% used [0x00000000f1200000,0x00000000f3f477f0,0x00000000f7100000)
  to   space 94208K, 0% used [0x00000000f8200000,0x00000000f8200000,0x00000000fde00000)
 ParOldGen       total 266752K, used 115658K [0x00000000a0000000, 0x00000000b0480000, 0x00000000e0000000)
  object space 266752K, 43% used [0x00000000a0000000,0x00000000a70f2b68,0x00000000b0480000)
 Metaspace       used 159035K, capacity 163824K, committed 163928K, reserved 1193984K
  class space    used 19134K, capacity 20017K, committed 20096K, reserved 1048576K
}
Event: 4186.019 GC heap before
{Heap before GC invocations=40 (full 5):
 PSYoungGen      total 377856K, used 46365K [0x00000000e0000000, 0x00000000fde00000, 0x0000000100000000)
  eden space 280576K, 0% used [0x00000000e0000000,0x00000000e0000000,0x00000000f1200000)
  from space 97280K, 47% used [0x00000000f1200000,0x00000000f3f477f0,0x00000000f7100000)
  to   space 94208K, 0% used [0x00000000f8200000,0x00000000f8200000,0x00000000fde00000)
 ParOldGen       total 266752K, used 115658K [0x00000000a0000000, 0x00000000b0480000, 0x00000000e0000000)
  object space 266752K, 43% used [0x00000000a0000000,0x00000000a70f2b68,0x00000000b0480000)
 Metaspace       used 159035K, capacity 163824K, committed 163928K, reserved 1193984K
  class space    used 19134K, capacity 20017K, committed 20096K, reserved 1048576K
Event: 4186.458 GC heap after
Heap after GC invocations=40 (full 5):
 PSYoungGen      total 377856K, used 0K [0x00000000e0000000, 0x00000000fde00000, 0x0000000100000000)
  eden space 280576K, 0% used [0x00000000e0000000,0x00000000e0000000,0x00000000f1200000)
  from space 97280K, 0% used [0x00000000f1200000,0x00000000f1200000,0x00000000f7100000)
  to   space 94208K, 0% used [0x00000000f8200000,0x00000000f8200000,0x00000000fde00000)
 ParOldGen       total 318976K, used 94066K [0x00000000a0000000, 0x00000000b3780000, 0x00000000e0000000)
  object space 318976K, 29% used [0x00000000a0000000,0x00000000a5bdc970,0x00000000b3780000)
 Metaspace       used 158820K, capacity 163466K, committed 163928K, reserved 1193984K
  class space    used 19096K, capacity 19944K, committed 20096K, reserved 1048576K
}

Deoptimization events (10 events):
Event: 4183.183 Thread 0x000000001bf7e000 Uncommon trap: reason=null_check action=make_not_entrant pc=0x00000000070f4de4 method=com.sun.org.apache.xerces.internal.dom.NamedNodeMapImpl.findNamePoint(Ljava/lang/String;Ljava/lang/String;)I @ 105
Event: 4183.389 Thread 0x000000001bf7b000 Uncommon trap: reason=class_check action=maybe_recompile pc=0x0000000003f0f000 method=java.util.stream.MatchOps$MatchOp.evaluateSequential(Ljava/util/stream/PipelineHelper;Ljava/util/Spliterator;)Ljava/lang/Boolean; @ 14
Event: 4183.727 Thread 0x000000001bf7a000 Uncommon trap: reason=class_check action=maybe_recompile pc=0x0000000003d6c464 method=org.gradle.api.internal.artifacts.transform.TransformingArtifactVisitor.visitArtifact(Lorg/gradle/internal/DisplayName;Lorg/gradle/api/attributes/AttributeContainer;Lorg
Event: 4185.487 Thread 0x000000001bf7a000 Uncommon trap: reason=array_check action=maybe_recompile pc=0x0000000006f8f224 method=java.util.ComparableTimSort.mergeHi(IIII)V @ 415
Event: 4185.488 Thread 0x000000001bf7a000 Uncommon trap: reason=array_check action=maybe_recompile pc=0x0000000006f8f224 method=java.util.ComparableTimSort.mergeHi(IIII)V @ 415
Event: 4185.543 Thread 0x000000001bf7a000 Uncommon trap: reason=array_check action=maybe_recompile pc=0x00000000070384fc method=java.util.ComparableTimSort.mergeLo(IIII)V @ 465
Event: 4185.543 Thread 0x000000001bf7a000 Uncommon trap: reason=array_check action=maybe_recompile pc=0x00000000070384fc method=java.util.ComparableTimSort.mergeLo(IIII)V @ 465
Event: 4186.613 Thread 0x000000001bf7a000 Uncommon trap: reason=unstable_if action=reinterpret pc=0x0000000006c22184 method=sun.util.locale.provider.LocaleResources.removeEmptyReferences()V @ 9
Event: 4186.677 Thread 0x000000001bf7a000 Uncommon trap: reason=unstable_if action=reinterpret pc=0x00000000059bb1f4 method=org.sqlite.SQLiteJDBCLoader.contentsEquals(Ljava/io/InputStream;Ljava/io/InputStream;)Z @ 39
Event: 4186.935 Thread 0x000000001bf7a000 Uncommon trap: reason=unstable_if action=reinterpret pc=0x0000000004328d00 method=org.antlr.v4.runtime.atn.ATNState.addTransition(ILorg/antlr/v4/runtime/atn/Transition;)V @ 115

Classes redefined (0 events):
No events

Internal exceptions (10 events):
Event: 3680.124 Thread 0x000000001bf77000 Exception <a 'sun/nio/fs/WindowsException'> (0x00000000e869d290) thrown at [D:\src\AOSP-openjdk-cygwin\jdk8u\hotspot\src\share\vm\prims\jni.cpp, line 710]
Event: 3680.127 Thread 0x000000001bf77000 Exception <a 'sun/nio/fs/WindowsException'> (0x00000000e86a63f0) thrown at [D:\src\AOSP-openjdk-cygwin\jdk8u\hotspot\src\share\vm\prims\jni.cpp, line 710]
Event: 3680.132 Thread 0x000000001bf77000 Exception <a 'sun/nio/fs/WindowsException'> (0x00000000e876f478) thrown at [D:\src\AOSP-openjdk-cygwin\jdk8u\hotspot\src\share\vm\prims\jni.cpp, line 710]
Event: 3680.135 Thread 0x000000001bf77000 Exception <a 'sun/nio/fs/WindowsException'> (0x00000000e8776e60) thrown at [D:\src\AOSP-openjdk-cygwin\jdk8u\hotspot\src\share\vm\prims\jni.cpp, line 710]
Event: 3680.443 Thread 0x000000001bf84000 Exception <a 'sun/nio/fs/WindowsException'> (0x00000000e936aac8) thrown at [D:\src\AOSP-openjdk-cygwin\jdk8u\hotspot\src\share\vm\prims\jni.cpp, line 710]
Event: 3680.530 Thread 0x000000001bf84800 Exception <a 'sun/nio/fs/WindowsException'> (0x00000000ea804730) thrown at [D:\src\AOSP-openjdk-cygwin\jdk8u\hotspot\src\share\vm\prims\jni.cpp, line 710]
Event: 3680.714 Thread 0x000000001c5b5800 Exception <a 'sun/nio/fs/WindowsException'> (0x00000000eb189cb8) thrown at [D:\src\AOSP-openjdk-cygwin\jdk8u\hotspot\src\share\vm\prims\jni.cpp, line 710]
Event: 4182.726 Thread 0x000000001bf7e000 Implicit null exception at 0x00000000068996af to 0x0000000006899afd
Event: 4183.183 Thread 0x000000001bf7e000 Implicit null exception at 0x00000000070f4387 to 0x00000000070f4dbf
Event: 4187.224 Thread 0x000000001bf7a000 Exception <a 'java/lang/NullPointerException'> (0x00000000e1946b40) thrown at [D:\src\AOSP-openjdk-cygwin\jdk8u\hotspot\src\share\vm\interpreter\linkResolver.cpp, line 1185]

Events (10 events):
Event: 4187.227 loading class com/google/common/collect/FluentIterable
Event: 4187.227 loading class com/google/common/collect/FluentIterable done
Event: 4187.228 loading class com/google/common/collect/FluentIterable$3
Event: 4187.229 loading class com/google/common/collect/FluentIterable$3 done
Event: 4187.229 loading class com/google/common/collect/FluentIterable$1
Event: 4187.229 loading class com/google/common/collect/FluentIterable$1 done
Event: 4187.230 loading class com/google/common/collect/FluentIterable$2
Event: 4187.230 loading class com/google/common/collect/FluentIterable$2 done
Event: 4187.298 Executing VM operation: ForceSafepoint
Event: 4187.298 Executing VM operation: ForceSafepoint done


Dynamic libraries:
0x00007ff700f30000 - 0x00007ff700f61000 	C:\Program Files\Android\Android Studio\jre\bin\java.exe
0x00007ff9da9c0000 - 0x00007ff9dabb0000 	C:\WINDOWS\SYSTEM32\ntdll.dll
0x00007ff9d9220000 - 0x00007ff9d92d2000 	C:\WINDOWS\System32\KERNEL32.DLL
0x00007ff9d7950000 - 0x00007ff9d7bf3000 	C:\WINDOWS\System32\KERNELBASE.dll
0x00007ff9da700000 - 0x00007ff9da7a3000 	C:\WINDOWS\System32\ADVAPI32.dll
0x00007ff9d9a00000 - 0x00007ff9d9a9e000 	C:\WINDOWS\System32\msvcrt.dll
0x00007ff9d9180000 - 0x00007ff9d9217000 	C:\WINDOWS\System32\sechost.dll
0x00007ff9da1b0000 - 0x00007ff9da2d0000 	C:\WINDOWS\System32\RPCRT4.dll
0x00007ff9d8db0000 - 0x00007ff9d8f44000 	C:\WINDOWS\System32\USER32.dll
0x00007ff9d7ec0000 - 0x00007ff9d7ee1000 	C:\WINDOWS\System32\win32u.dll
0x00007ff9d92e0000 - 0x00007ff9d9306000 	C:\WINDOWS\System32\GDI32.dll
0x00007ff9d7f10000 - 0x00007ff9d80a4000 	C:\WINDOWS\System32\gdi32full.dll
0x00007ff9d89d0000 - 0x00007ff9d8a6e000 	C:\WINDOWS\System32\msvcp_win.dll
0x00007ff9d7c00000 - 0x00007ff9d7cfa000 	C:\WINDOWS\System32\ucrtbase.dll
0x00007ff9ca620000 - 0x00007ff9ca8a5000 	C:\WINDOWS\WinSxS\amd64_microsoft.windows.common-controls_6595b64144ccf1df_6.0.18362.449_none_e6c7b265130c70a7\COMCTL32.dll
0x00007ff9d8a70000 - 0x00007ff9d8da6000 	C:\WINDOWS\System32\combase.dll
0x00007ff9d7d90000 - 0x00007ff9d7e10000 	C:\WINDOWS\System32\bcryptPrimitives.dll
0x00007ff9da420000 - 0x00007ff9da44e000 	C:\WINDOWS\System32\IMM32.DLL
0x0000000062a70000 - 0x0000000062b42000 	C:\Program Files\Android\Android Studio\jre\jre\bin\msvcr100.dll
0x0000000062b50000 - 0x0000000063396000 	C:\Program Files\Android\Android Studio\jre\jre\bin\server\jvm.dll
0x00007ff9da7b0000 - 0x00007ff9da7b8000 	C:\WINDOWS\System32\PSAPI.DLL
0x00007ff9d6370000 - 0x00007ff9d6379000 	C:\WINDOWS\SYSTEM32\WSOCK32.dll
0x00007ff9da3b0000 - 0x00007ff9da41f000 	C:\WINDOWS\System32\WS2_32.dll
0x00007ff9d4e30000 - 0x00007ff9d4e54000 	C:\WINDOWS\SYSTEM32\WINMM.dll
0x00007ff9d0af0000 - 0x00007ff9d0afa000 	C:\WINDOWS\SYSTEM32\VERSION.dll
0x00007ff9d4e00000 - 0x00007ff9d4e2d000 	C:\WINDOWS\SYSTEM32\WINMMBASE.dll
0x00007ff9d80b0000 - 0x00007ff9d80fa000 	C:\WINDOWS\System32\cfgmgr32.dll
0x00007ff9d1c90000 - 0x00007ff9d1c9f000 	C:\Program Files\Android\Android Studio\jre\jre\bin\verify.dll
0x00007ff9bf630000 - 0x00007ff9bf659000 	C:\Program Files\Android\Android Studio\jre\jre\bin\java.dll
0x00007ff9cd2a0000 - 0x00007ff9cd2b6000 	C:\Program Files\Android\Android Studio\jre\jre\bin\zip.dll
0x00007ff9d9310000 - 0x00007ff9d99f5000 	C:\WINDOWS\System32\SHELL32.dll
0x00007ff9d8f50000 - 0x00007ff9d8ff9000 	C:\WINDOWS\System32\shcore.dll
0x00007ff9d8250000 - 0x00007ff9d89ce000 	C:\WINDOWS\System32\windows.storage.dll
0x00007ff9d7930000 - 0x00007ff9d794f000 	C:\WINDOWS\System32\profapi.dll
0x00007ff9d78e0000 - 0x00007ff9d792a000 	C:\WINDOWS\System32\powrprof.dll
0x00007ff9d7890000 - 0x00007ff9d78a0000 	C:\WINDOWS\System32\UMPDC.dll
0x00007ff9da2f0000 - 0x00007ff9da342000 	C:\WINDOWS\System32\shlwapi.dll
0x00007ff9d78c0000 - 0x00007ff9d78d1000 	C:\WINDOWS\System32\kernel.appcore.dll
0x00007ff9d7ef0000 - 0x00007ff9d7f07000 	C:\WINDOWS\System32\cryptsp.dll
0x00007ff9bf580000 - 0x00007ff9bf59a000 	C:\Program Files\Android\Android Studio\jre\jre\bin\net.dll
0x00007ff9d7100000 - 0x00007ff9d7167000 	C:\WINDOWS\system32\mswsock.dll
0x00007ff9bf560000 - 0x00007ff9bf571000 	C:\Program Files\Android\Android Studio\jre\jre\bin\nio.dll
0x00007ff9bf2b0000 - 0x00007ff9bf2d6000 	C:\Users\PCPCPC\.gradle\native\29\windows-amd64\native-platform.dll
0x00007ff9d1680000 - 0x00007ff9d168d000 	C:\Program Files\Android\Android Studio\jre\jre\bin\management.dll
0x00007ff9d6c70000 - 0x00007ff9d6ca3000 	C:\WINDOWS\system32\rsaenh.dll
0x00007ff9d7d60000 - 0x00007ff9d7d86000 	C:\WINDOWS\System32\bcrypt.dll
0x00007ff9d77b0000 - 0x00007ff9d77d5000 	C:\WINDOWS\SYSTEM32\USERENV.dll
0x00007ff9d72d0000 - 0x00007ff9d72dc000 	C:\WINDOWS\SYSTEM32\CRYPTBASE.dll
0x00007ff9d6e10000 - 0x00007ff9d6e4a000 	C:\WINDOWS\SYSTEM32\IPHLPAPI.DLL
0x00007ff9da2e0000 - 0x00007ff9da2e8000 	C:\WINDOWS\System32\NSI.dll
0x00007ff9cd9f0000 - 0x00007ff9cda06000 	C:\WINDOWS\SYSTEM32\dhcpcsvc6.DLL
0x00007ff9cdda0000 - 0x00007ff9cddbc000 	C:\WINDOWS\SYSTEM32\dhcpcsvc.DLL
0x00007ff9d6e50000 - 0x00007ff9d6f1a000 	C:\WINDOWS\SYSTEM32\DNSAPI.dll
0x0000000066e00000 - 0x0000000066f03000 	C:\Users\PCPCPC\AppData\Local\Temp\room-b0a1b4d8-51a3-439e-bc0f-d4b101cfd960\sqlite-3.25.2-d939b716-9a23-46ce-82d2-7b59bf71687a-sqlitejdbc.dll
0x00000000259c0000 - 0x0000000025ac3000 	C:\Users\PCPCPC\AppData\Local\Temp\room-59d3a9f6-5779-4c45-9927-551b2058d64e\sqlite-3.25.2-b72f158b-696c-4804-84ba-087d7da29e4d-sqlitejdbc.dll
0x00000000263c0000 - 0x00000000264c3000 	C:\Users\PCPCPC\AppData\Local\Temp\room-42a9a8bd-7364-4e73-9717-9c37c120e643\sqlite-3.25.2-50537730-cbb2-4bc6-aa2c-42c100cb1452-sqlitejdbc.dll
0x0000000027b50000 - 0x0000000027c53000 	C:\Users\PCPCPC\AppData\Local\Temp\room-839956ed-2d7e-4106-b626-7af3ddbb833d\sqlite-3.25.2-733ea07a-8d81-457f-b4d7-61196d350603-sqlitejdbc.dll
0x0000000028060000 - 0x0000000028163000 	C:\Users\PCPCPC\AppData\Local\Temp\room-f689d6e4-b054-4f25-952f-3eae2bed9401\sqlite-3.25.2-48ad1ff7-283d-4999-81a4-6bf8fcaf6e52-sqlitejdbc.dll
0x0000000029cd0000 - 0x0000000029dd3000 	C:\Users\PCPCPC\AppData\Local\Temp\room-f90e3948-1a6f-4010-bc29-06006fc44a1f\sqlite-3.25.2-fd6955bc-dc6b-4f2d-a579-4e45a307fc27-sqlitejdbc.dll
0x000000002a3e0000 - 0x000000002a4e3000 	C:\Users\PCPCPC\AppData\Local\Temp\room-4637ccc0-0a36-460e-a1a8-894d59c5b7c4\sqlite-3.25.2-bdc4ec4d-acf0-454d-b323-b44adb4abf5d-sqlitejdbc.dll
0x000000002b6f0000 - 0x000000002b7f3000 	C:\Users\PCPCPC\AppData\Local\Temp\room-bc3a3cbc-a341-4db4-a68f-cbe9f8c43cce\sqlite-3.25.2-3880f72e-bb4f-438f-84e8-cd89195084b1-sqlitejdbc.dll
0x000000002acf0000 - 0x000000002adf3000 	C:\Users\PCPCPC\AppData\Local\Temp\room-42be6472-8f27-42e3-af3d-6350b943e79b\sqlite-3.25.2-c8e43037-7179-498b-97ea-4ffc1326e309-sqlitejdbc.dll
0x000000002bc00000 - 0x000000002bd03000 	C:\Users\PCPCPC\AppData\Local\Temp\room-490a05e0-c900-4f11-9d7a-0ec53e7e797b\sqlite-3.25.2-092e44bd-415b-40b1-84ef-b4e1d48483cc-sqlitejdbc.dll
0x000000002ca90000 - 0x000000002cb93000 	C:\Users\PCPCPC\AppData\Local\Temp\room-58a29fee-774c-464e-81e7-f2b92ca002ea\sqlite-3.25.2-1827a63c-d255-459c-b86e-0b9a9de76630-sqlitejdbc.dll

VM Arguments:
jvm_args: -Xmx1536m -Dfile.encoding=GBK -Duser.country=AU -Duser.language=en -Duser.variant 
java_command: org.gradle.launcher.daemon.bootstrap.GradleDaemon 5.4.1
java_class_path (initial): C:\Users\PCPCPC\.gradle\wrapper\dists\gradle-5.4.1-all\3221gyojl5jsh0helicew7rwx\gradle-5.4.1\lib\gradle-launcher-5.4.1.jar
Launcher Type: SUN_STANDARD

Environment Variables:
PATH=C:\ProgramData\Oracle\Java\javapath;C:\WINDOWS\system32;C:\WINDOWS;C:\WINDOWS\System32\Wbem;C:\WINDOWS\System32\WindowsPowerShell\v1.0\;C:\WINDOWS\System32\OpenSSH\;C:\Users\PCPCPC\AppData\Local\Microsoft\WindowsApps;C:\Users\PCPCPC\AppData\Local\GitHubDesktop\bin
USERNAME=PCPCPC
OS=Windows_NT
PROCESSOR_IDENTIFIER=Intel64 Family 6 Model 61 Stepping 4, GenuineIntel



---------------  S Y S T E M  ---------------

OS: Windows 10.0 , 64 bit Build 18362 (10.0.18362.329)

CPU:total 4 (initial active 4) (2 cores per cpu, 2 threads per core) family 6 model 61 stepping 4, cmov, cx8, fxsr, mmx, sse, sse2, sse3, ssse3, sse4.1, sse4.2, popcnt, avx, avx2, aes, clmul, erms, 3dnowpref, lzcnt, ht, tsc, tscinvbit, bmi1, bmi2, adx

Memory: 4k page, physical 8309004k(1253020k free), swap 8309004k(5288k free)

vm_info: OpenJDK 64-Bit Server VM (25.202-b03) for windows-amd64 JRE (1.8.0_202-release-1483-b03), built by "builder" with MS VC++ 10.0 (VS2010)

time: Sat Nov 09 18:38:43 2019
timezone: AUS Eastern Summer Time
elapsed time: 4187 seconds (0d 1h 9m 47s)

